2026-02-04 11:18:41,495 | INFO | Starting orchestration for query: 'i phone 17'
2026-02-04 11:18:41,496 | INFO | Running scraper: Amazon
2026-02-04 11:19:57,940 | INFO | Amazon scraper completed successfully
2026-02-04 11:19:57,942 | INFO | Amazon returned 5 products
2026-02-04 11:19:57,944 | INFO | Match found for Amazon: iPhone 17 Pro Max 2 TB: 17.42 cm (6.9\u2033) Display with Promotion, A19 Pro Chip, Best Battery Life in Any iPhone Ever, Pro Fusion Camera System, Center Stage Front Camera; Silver - 229900.00
2026-02-04 11:19:57,971 | INFO | Running scraper: Flipkart
2026-02-04 11:20:03,370 | ERROR | Flipkart scraper failed with code 1
2026-02-04 11:20:03,371 | ERROR | Stderr: 2026-02-04 11:19:58,555 | INFO | ====== WebDriver manager ======
2026-02-04 11:19:59,818 | INFO | Get LATEST chromedriver version for google-chrome
2026-02-04 11:20:00,440 | INFO | Get LATEST chromedriver version for google-chrome
2026-02-04 11:20:01,032 | INFO | Driver [C:\Users\Lenovo\.wdm\drivers\chromedriver\win64\144.0.7559.133\chromedriver-win32/chromedriver.exe] found in cache
Traceback (most recent call last):
  File "C:\Users\Lenovo\Desktop\Prize Comparison BOT\price_comparison_bot\scrapers\flipkart_scraper.py", line 341, in <module>
    run(q)
    ~~~^^^
  File "C:\Users\Lenovo\Desktop\Prize Comparison BOT\price_comparison_bot\scrapers\flipkart_scraper.py", line 240, in run
    driver = build_driver()
  File "C:\Users\Lenovo\Desktop\Prize Comparison BOT\price_comparison_bot\scrapers\flipkart_scraper.py", line 135, in build_driver
    driver = webdriver.Chrome(service=service, options=opts)
  File "C:\Users\Lenovo\AppData\Local\Programs\Python\Python313\Lib\site-packages\selenium\webdriver\chrome\webdriver.py", line 47, in __init__
    super().__init__(
    ~~~~~~~~~~~~~~~~^
        browser_name=DesiredCapabilities.CHROME["browserName"],
        ^^^^^^^^^^^^^^^^^^^^^^^^^^^^^^^^^^^^^^^^^^^^^^^^^^^^^^^
    ...<3 lines>...
        keep_alive=keep_alive,
        ^^^^^^^^^^^^^^^^^^^^^^
    )
    ^
  File "C:\Users\Lenovo\AppData\Local\Programs\Python\Python313\Lib\site-packages\selenium\webdriver\chromium\webdriver.py", line 60, in __init__
    self.service.start()
    ~~~~~~~~~~~~~~~~~~^^
  File "C:\Users\Lenovo\AppData\Local\Programs\Python\Python313\Lib\site-packages\selenium\webdriver\common\service.py", line 110, in start
    self.assert_process_still_running()
    ~~~~~~~~~~~~~~~~~~~~~~~~~~~~~~~~~^^
  File "C:\Users\Lenovo\AppData\Local\Programs\Python\Python313\Lib\site-packages\selenium\webdriver\common\service.py", line 123, in assert_process_still_running
    raise WebDriverException(f"Service {self._path} unexpectedly exited. Status code was: {return_code}")
selenium.common.exceptions.WebDriverException: Message: Service C:\Users\Lenovo\.wdm\drivers\chromedriver\win64\144.0.7559.133\chromedriver-win32/chromedriver.exe unexpectedly exited. Status code was: 3221225595


2026-02-04 11:20:03,379 | INFO | Flipkart returned 5 products
2026-02-04 11:20:03,379 | INFO | Match found for Flipkart: iPhone 17 Pro Max 2 TB: 17.42 cm (6.9\u2033) Display with Promotion, A19 Pro Chip, Best Battery Life in Any iPhone Ever, Pro Fusion Camera System, Center Stage Front Camera; Silver - 229900.00
2026-02-04 11:20:03,380 | INFO | Running scraper: Croma
2026-02-04 11:20:04,906 | INFO | Croma scraper completed successfully
2026-02-04 11:20:04,907 | INFO | Croma returned 5 products
2026-02-04 11:20:04,908 | INFO | Match found for Croma: Apple iPhone 17 (256GB, Black) - 82900.00
2026-02-04 11:20:04,908 | INFO | Running scraper: Reliance
2026-02-04 11:20:07,055 | ERROR | Reliance scraper failed with code 1
2026-02-04 11:20:07,055 | ERROR | Stderr: 2026-02-04 11:20:05,411 | INFO | ===== Reliance Digital Scraper Started =====
Traceback (most recent call last):
  File "C:\Users\Lenovo\AppData\Local\Programs\Python\Python313\Lib\site-packages\selenium\webdriver\common\driver_finder.py", line 68, in _binary_paths
    output = SeleniumManager().binary_paths(self._to_args())
  File "C:\Users\Lenovo\AppData\Local\Programs\Python\Python313\Lib\site-packages\selenium\webdriver\common\selenium_manager.py", line 56, in binary_paths
    return self._run(args)
           ~~~~~~~~~^^^^^^
  File "C:\Users\Lenovo\AppData\Local\Programs\Python\Python313\Lib\site-packages\selenium\webdriver\common\selenium_manager.py", line 134, in _run
    raise WebDriverException(
        f"Unsuccessful command executed: {command}; code: {completed_proc.returncode}\n{result}\n{stderr}"
    )
selenium.common.exceptions.WebDriverException: Message: Unsuccessful command executed: C:\Users\Lenovo\AppData\Local\Programs\Python\Python313\Lib\site-packages\selenium\webdriver\common\windows\selenium-manager.exe --browser chrome --language-binding python --output json; code: 3221225477
{}



The above exception was the direct cause of the following exception:

Traceback (most recent call last):
  File "C:\Users\Lenovo\Desktop\Prize Comparison BOT\price_comparison_bot\scrapers\reliance_scraper.py", line 179, in <module>
    run(q)
    ~~~^^^
  File "C:\Users\Lenovo\Desktop\Prize Comparison BOT\price_comparison_bot\scrapers\reliance_scraper.py", line 159, in run
    driver = init_driver()
  File "C:\Users\Lenovo\Desktop\Prize Comparison BOT\price_comparison_bot\scrapers\reliance_scraper.py", line 66, in init_driver
    driver = webdriver.Chrome(options=options)
  File "C:\Users\Lenovo\AppData\Local\Programs\Python\Python313\Lib\site-packages\selenium\webdriver\chrome\webdriver.py", line 47, in __init__
    super().__init__(
    ~~~~~~~~~~~~~~~~^
        browser_name=DesiredCapabilities.CHROME["browserName"],
        ^^^^^^^^^^^^^^^^^^^^^^^^^^^^^^^^^^^^^^^^^^^^^^^^^^^^^^^
    ...<3 lines>...
        keep_alive=keep_alive,
        ^^^^^^^^^^^^^^^^^^^^^^
    )
    ^
  File "C:\Users\Lenovo\AppData\Local\Programs\Python\Python313\Lib\site-packages\selenium\webdriver\chromium\webdriver.py", line 55, in __init__
    if finder.get_browser_path():
       ~~~~~~~~~~~~~~~~~~~~~~~^^
  File "C:\Users\Lenovo\AppData\Local\Programs\Python\Python313\Lib\site-packages\selenium\webdriver\common\driver_finder.py", line 48, in get_browser_path
    return self._binary_paths()["browser_path"]
           ~~~~~~~~~~~~~~~~~~^^
  File "C:\Users\Lenovo\AppData\Local\Programs\Python\Python313\Lib\site-packages\selenium\webdriver\common\driver_finder.py", line 79, in _binary_paths
    raise NoSuchDriverException(msg) from err
selenium.common.exceptions.NoSuchDriverException: Message: Unable to obtain driver for chrome; For documentation on this error, please visit: https://www.selenium.dev/documentation/webdriver/troubleshooting/errors/driver_location


2026-02-04 11:20:07,055 | WARNING | No output found for Reliance
2026-02-04 11:20:07,055 | INFO | Recommended Product: Apple iPhone 17 (256GB, Black) from Croma at 82900.00
2026-02-04 11:29:03,272 | INFO | Starting orchestration for query: 'iPhone 17'
2026-02-04 11:29:03,272 | INFO | Running scraper: Amazon
2026-02-04 11:29:08,340 | ERROR | Amazon scraper failed with code 1
2026-02-04 11:29:08,340 | ERROR | Stderr: 2026-02-04 11:29:03,748 | INFO | ====== WebDriver manager ======
2026-02-04 11:29:04,842 | INFO | Get LATEST chromedriver version for google-chrome
2026-02-04 11:29:05,405 | INFO | Get LATEST chromedriver version for google-chrome
2026-02-04 11:29:06,198 | INFO | Driver [C:\Users\Lenovo\.wdm\drivers\chromedriver\win64\144.0.7559.133\chromedriver-win32/chromedriver.exe] found in cache
Traceback (most recent call last):
  File "C:\Users\Lenovo\Desktop\Prize Comparison BOT\price_comparison_bot\scrapers\amazon_scraper.py", line 404, in <module>
    run(q)
    ~~~^^^
  File "C:\Users\Lenovo\Desktop\Prize Comparison BOT\price_comparison_bot\scrapers\amazon_scraper.py", line 273, in run
    driver = build_driver()
  File "C:\Users\Lenovo\Desktop\Prize Comparison BOT\price_comparison_bot\scrapers\amazon_scraper.py", line 161, in build_driver
    driver = webdriver.Chrome(service=service, options=opts)
  File "C:\Users\Lenovo\AppData\Local\Programs\Python\Python313\Lib\site-packages\selenium\webdriver\chrome\webdriver.py", line 47, in __init__
    super().__init__(
    ~~~~~~~~~~~~~~~~^
        browser_name=DesiredCapabilities.CHROME["browserName"],
        ^^^^^^^^^^^^^^^^^^^^^^^^^^^^^^^^^^^^^^^^^^^^^^^^^^^^^^^
    ...<3 lines>...
        keep_alive=keep_alive,
        ^^^^^^^^^^^^^^^^^^^^^^
    )
    ^
  File "C:\Users\Lenovo\AppData\Local\Programs\Python\Python313\Lib\site-packages\selenium\webdriver\chromium\webdriver.py", line 60, in __init__
    self.service.start()
    ~~~~~~~~~~~~~~~~~~^^
  File "C:\Users\Lenovo\AppData\Local\Programs\Python\Python313\Lib\site-packages\selenium\webdriver\common\service.py", line 110, in start
    self.assert_process_still_running()
    ~~~~~~~~~~~~~~~~~~~~~~~~~~~~~~~~~^^
  File "C:\Users\Lenovo\AppData\Local\Programs\Python\Python313\Lib\site-packages\selenium\webdriver\common\service.py", line 123, in assert_process_still_running
    raise WebDriverException(f"Service {self._path} unexpectedly exited. Status code was: {return_code}")
selenium.common.exceptions.WebDriverException: Message: Service C:\Users\Lenovo\.wdm\drivers\chromedriver\win64\144.0.7559.133\chromedriver-win32/chromedriver.exe unexpectedly exited. Status code was: 3221225595


2026-02-04 11:29:08,341 | WARNING | No output found for Amazon
2026-02-04 11:29:08,341 | INFO | Running scraper: Flipkart
2026-02-04 11:29:13,018 | ERROR | Flipkart scraper failed with code 1
2026-02-04 11:29:13,018 | ERROR | Stderr: 2026-02-04 11:29:08,793 | INFO | ====== WebDriver manager ======
2026-02-04 11:29:09,756 | INFO | Get LATEST chromedriver version for google-chrome
2026-02-04 11:29:10,339 | INFO | Get LATEST chromedriver version for google-chrome
2026-02-04 11:29:10,901 | INFO | Driver [C:\Users\Lenovo\.wdm\drivers\chromedriver\win64\144.0.7559.133\chromedriver-win32/chromedriver.exe] found in cache
Traceback (most recent call last):
  File "C:\Users\Lenovo\Desktop\Prize Comparison BOT\price_comparison_bot\scrapers\flipkart_scraper.py", line 342, in <module>
    run(q)
    ~~~^^^
  File "C:\Users\Lenovo\Desktop\Prize Comparison BOT\price_comparison_bot\scrapers\flipkart_scraper.py", line 241, in run
    driver = build_driver()
  File "C:\Users\Lenovo\Desktop\Prize Comparison BOT\price_comparison_bot\scrapers\flipkart_scraper.py", line 136, in build_driver
    driver = webdriver.Chrome(service=service, options=opts)
  File "C:\Users\Lenovo\AppData\Local\Programs\Python\Python313\Lib\site-packages\selenium\webdriver\chrome\webdriver.py", line 47, in __init__
    super().__init__(
    ~~~~~~~~~~~~~~~~^
        browser_name=DesiredCapabilities.CHROME["browserName"],
        ^^^^^^^^^^^^^^^^^^^^^^^^^^^^^^^^^^^^^^^^^^^^^^^^^^^^^^^
    ...<3 lines>...
        keep_alive=keep_alive,
        ^^^^^^^^^^^^^^^^^^^^^^
    )
    ^
  File "C:\Users\Lenovo\AppData\Local\Programs\Python\Python313\Lib\site-packages\selenium\webdriver\chromium\webdriver.py", line 60, in __init__
    self.service.start()
    ~~~~~~~~~~~~~~~~~~^^
  File "C:\Users\Lenovo\AppData\Local\Programs\Python\Python313\Lib\site-packages\selenium\webdriver\common\service.py", line 110, in start
    self.assert_process_still_running()
    ~~~~~~~~~~~~~~~~~~~~~~~~~~~~~~~~~^^
  File "C:\Users\Lenovo\AppData\Local\Programs\Python\Python313\Lib\site-packages\selenium\webdriver\common\service.py", line 123, in assert_process_still_running
    raise WebDriverException(f"Service {self._path} unexpectedly exited. Status code was: {return_code}")
selenium.common.exceptions.WebDriverException: Message: Service C:\Users\Lenovo\.wdm\drivers\chromedriver\win64\144.0.7559.133\chromedriver-win32/chromedriver.exe unexpectedly exited. Status code was: 3221225595


2026-02-04 11:29:13,018 | WARNING | No output found for Flipkart
2026-02-04 11:29:13,018 | INFO | Running scraper: Croma
2026-02-04 11:29:14,025 | INFO | Croma scraper completed successfully
2026-02-04 11:29:14,025 | INFO | Croma returned 5 products
2026-02-04 11:29:14,026 | INFO | Match found for Croma: Apple iPhone 17 (256GB, Black) - 82900.00
2026-02-04 11:29:14,026 | INFO | Running scraper: Reliance
2026-02-04 11:29:14,463 | ERROR | Reliance scraper failed with code 1
2026-02-04 11:29:14,464 | ERROR | Stderr: 2026-02-04 11:29:14,393 | INFO | ===== Reliance Digital Scraper Started =====
Traceback (most recent call last):
  File "C:\Users\Lenovo\AppData\Local\Programs\Python\Python313\Lib\site-packages\selenium\webdriver\common\driver_finder.py", line 68, in _binary_paths
    output = SeleniumManager().binary_paths(self._to_args())
  File "C:\Users\Lenovo\AppData\Local\Programs\Python\Python313\Lib\site-packages\selenium\webdriver\common\selenium_manager.py", line 56, in binary_paths
    return self._run(args)
           ~~~~~~~~~^^^^^^
  File "C:\Users\Lenovo\AppData\Local\Programs\Python\Python313\Lib\site-packages\selenium\webdriver\common\selenium_manager.py", line 134, in _run
    raise WebDriverException(
        f"Unsuccessful command executed: {command}; code: {completed_proc.returncode}\n{result}\n{stderr}"
    )
selenium.common.exceptions.WebDriverException: Message: Unsuccessful command executed: C:\Users\Lenovo\AppData\Local\Programs\Python\Python313\Lib\site-packages\selenium\webdriver\common\windows\selenium-manager.exe --browser chrome --language-binding python --output json; code: 3221225477
{}



The above exception was the direct cause of the following exception:

Traceback (most recent call last):
  File "C:\Users\Lenovo\Desktop\Prize Comparison BOT\price_comparison_bot\scrapers\reliance_scraper.py", line 180, in <module>
    run(q)
    ~~~^^^
  File "C:\Users\Lenovo\Desktop\Prize Comparison BOT\price_comparison_bot\scrapers\reliance_scraper.py", line 160, in run
    driver = init_driver()
  File "C:\Users\Lenovo\Desktop\Prize Comparison BOT\price_comparison_bot\scrapers\reliance_scraper.py", line 67, in init_driver
    driver = webdriver.Chrome(options=options)
  File "C:\Users\Lenovo\AppData\Local\Programs\Python\Python313\Lib\site-packages\selenium\webdriver\chrome\webdriver.py", line 47, in __init__
    super().__init__(
    ~~~~~~~~~~~~~~~~^
        browser_name=DesiredCapabilities.CHROME["browserName"],
        ^^^^^^^^^^^^^^^^^^^^^^^^^^^^^^^^^^^^^^^^^^^^^^^^^^^^^^^
    ...<3 lines>...
        keep_alive=keep_alive,
        ^^^^^^^^^^^^^^^^^^^^^^
    )
    ^
  File "C:\Users\Lenovo\AppData\Local\Programs\Python\Python313\Lib\site-packages\selenium\webdriver\chromium\webdriver.py", line 55, in __init__
    if finder.get_browser_path():
       ~~~~~~~~~~~~~~~~~~~~~~~^^
  File "C:\Users\Lenovo\AppData\Local\Programs\Python\Python313\Lib\site-packages\selenium\webdriver\common\driver_finder.py", line 48, in get_browser_path
    return self._binary_paths()["browser_path"]
           ~~~~~~~~~~~~~~~~~~^^
  File "C:\Users\Lenovo\AppData\Local\Programs\Python\Python313\Lib\site-packages\selenium\webdriver\common\driver_finder.py", line 79, in _binary_paths
    raise NoSuchDriverException(msg) from err
selenium.common.exceptions.NoSuchDriverException: Message: Unable to obtain driver for chrome; For documentation on this error, please visit: https://www.selenium.dev/documentation/webdriver/troubleshooting/errors/driver_location


2026-02-04 11:29:14,464 | WARNING | No output found for Reliance
2026-02-04 11:29:14,464 | INFO | Recommended Product: Apple iPhone 17 (256GB, Black) from Croma at 82900.00
2026-02-04 11:31:27,402 | INFO | Starting orchestration for query: 'iPhone 17'
2026-02-04 11:31:27,402 | INFO | Running scraper: Amazon
2026-02-04 11:31:32,036 | ERROR | Amazon scraper failed with code 1
2026-02-04 11:31:32,036 | ERROR | Stderr: 2026-02-04 11:31:27,838 | INFO | ====== WebDriver manager ======
2026-02-04 11:31:28,797 | INFO | Get LATEST chromedriver version for google-chrome
2026-02-04 11:31:29,358 | INFO | Get LATEST chromedriver version for google-chrome
2026-02-04 11:31:29,915 | INFO | Driver [C:\Users\Lenovo\.wdm\drivers\chromedriver\win64\144.0.7559.133\chromedriver-win32/chromedriver.exe] found in cache
Traceback (most recent call last):
  File "C:\Users\Lenovo\Desktop\Prize Comparison BOT\price_comparison_bot\scrapers\amazon_scraper.py", line 404, in <module>
    run(q)
    ~~~^^^
  File "C:\Users\Lenovo\Desktop\Prize Comparison BOT\price_comparison_bot\scrapers\amazon_scraper.py", line 273, in run
    driver = build_driver()
  File "C:\Users\Lenovo\Desktop\Prize Comparison BOT\price_comparison_bot\scrapers\amazon_scraper.py", line 160, in build_driver
    driver = webdriver.Chrome(service=service, options=opts)
  File "C:\Users\Lenovo\AppData\Local\Programs\Python\Python313\Lib\site-packages\selenium\webdriver\chrome\webdriver.py", line 47, in __init__
    super().__init__(
    ~~~~~~~~~~~~~~~~^
        browser_name=DesiredCapabilities.CHROME["browserName"],
        ^^^^^^^^^^^^^^^^^^^^^^^^^^^^^^^^^^^^^^^^^^^^^^^^^^^^^^^
    ...<3 lines>...
        keep_alive=keep_alive,
        ^^^^^^^^^^^^^^^^^^^^^^
    )
    ^
  File "C:\Users\Lenovo\AppData\Local\Programs\Python\Python313\Lib\site-packages\selenium\webdriver\chromium\webdriver.py", line 60, in __init__
    self.service.start()
    ~~~~~~~~~~~~~~~~~~^^
  File "C:\Users\Lenovo\AppData\Local\Programs\Python\Python313\Lib\site-packages\selenium\webdriver\common\service.py", line 110, in start
    self.assert_process_still_running()
    ~~~~~~~~~~~~~~~~~~~~~~~~~~~~~~~~~^^
  File "C:\Users\Lenovo\AppData\Local\Programs\Python\Python313\Lib\site-packages\selenium\webdriver\common\service.py", line 123, in assert_process_still_running
    raise WebDriverException(f"Service {self._path} unexpectedly exited. Status code was: {return_code}")
selenium.common.exceptions.WebDriverException: Message: Service C:\Users\Lenovo\.wdm\drivers\chromedriver\win64\144.0.7559.133\chromedriver-win32/chromedriver.exe unexpectedly exited. Status code was: 3221225595


2026-02-04 11:31:32,036 | WARNING | No output found for Amazon
2026-02-04 11:31:32,036 | INFO | Running scraper: Flipkart
2026-02-04 11:31:36,655 | ERROR | Flipkart scraper failed with code 1
2026-02-04 11:31:36,656 | ERROR | Stderr: 2026-02-04 11:31:32,504 | INFO | ====== WebDriver manager ======
2026-02-04 11:31:33,426 | INFO | Get LATEST chromedriver version for google-chrome
2026-02-04 11:31:33,980 | INFO | Get LATEST chromedriver version for google-chrome
2026-02-04 11:31:34,522 | INFO | Driver [C:\Users\Lenovo\.wdm\drivers\chromedriver\win64\144.0.7559.133\chromedriver-win32/chromedriver.exe] found in cache
Traceback (most recent call last):
  File "C:\Users\Lenovo\Desktop\Prize Comparison BOT\price_comparison_bot\scrapers\flipkart_scraper.py", line 342, in <module>
    run(q)
    ~~~^^^
  File "C:\Users\Lenovo\Desktop\Prize Comparison BOT\price_comparison_bot\scrapers\flipkart_scraper.py", line 241, in run
    driver = build_driver()
  File "C:\Users\Lenovo\Desktop\Prize Comparison BOT\price_comparison_bot\scrapers\flipkart_scraper.py", line 135, in build_driver
    driver = webdriver.Chrome(service=service, options=opts)
  File "C:\Users\Lenovo\AppData\Local\Programs\Python\Python313\Lib\site-packages\selenium\webdriver\chrome\webdriver.py", line 47, in __init__
    super().__init__(
    ~~~~~~~~~~~~~~~~^
        browser_name=DesiredCapabilities.CHROME["browserName"],
        ^^^^^^^^^^^^^^^^^^^^^^^^^^^^^^^^^^^^^^^^^^^^^^^^^^^^^^^
    ...<3 lines>...
        keep_alive=keep_alive,
        ^^^^^^^^^^^^^^^^^^^^^^
    )
    ^
  File "C:\Users\Lenovo\AppData\Local\Programs\Python\Python313\Lib\site-packages\selenium\webdriver\chromium\webdriver.py", line 60, in __init__
    self.service.start()
    ~~~~~~~~~~~~~~~~~~^^
  File "C:\Users\Lenovo\AppData\Local\Programs\Python\Python313\Lib\site-packages\selenium\webdriver\common\service.py", line 110, in start
    self.assert_process_still_running()
    ~~~~~~~~~~~~~~~~~~~~~~~~~~~~~~~~~^^
  File "C:\Users\Lenovo\AppData\Local\Programs\Python\Python313\Lib\site-packages\selenium\webdriver\common\service.py", line 123, in assert_process_still_running
    raise WebDriverException(f"Service {self._path} unexpectedly exited. Status code was: {return_code}")
selenium.common.exceptions.WebDriverException: Message: Service C:\Users\Lenovo\.wdm\drivers\chromedriver\win64\144.0.7559.133\chromedriver-win32/chromedriver.exe unexpectedly exited. Status code was: 3221225595


2026-02-04 11:31:36,656 | WARNING | No output found for Flipkart
2026-02-04 11:31:36,656 | INFO | Running scraper: Croma
2026-02-04 11:31:37,426 | INFO | Croma scraper completed successfully
2026-02-04 11:31:37,427 | INFO | Croma returned 5 products
2026-02-04 11:31:37,427 | INFO | Match found for Croma: Apple iPhone 17 (256GB, Black) - 82900.00
2026-02-04 11:31:37,427 | INFO | Running scraper: Reliance
2026-02-04 11:31:37,864 | ERROR | Reliance scraper failed with code 1
2026-02-04 11:31:37,864 | ERROR | Stderr: 2026-02-04 11:31:37,796 | INFO | ===== Reliance Digital Scraper Started =====
Traceback (most recent call last):
  File "C:\Users\Lenovo\AppData\Local\Programs\Python\Python313\Lib\site-packages\selenium\webdriver\common\driver_finder.py", line 68, in _binary_paths
    output = SeleniumManager().binary_paths(self._to_args())
  File "C:\Users\Lenovo\AppData\Local\Programs\Python\Python313\Lib\site-packages\selenium\webdriver\common\selenium_manager.py", line 56, in binary_paths
    return self._run(args)
           ~~~~~~~~~^^^^^^
  File "C:\Users\Lenovo\AppData\Local\Programs\Python\Python313\Lib\site-packages\selenium\webdriver\common\selenium_manager.py", line 134, in _run
    raise WebDriverException(
        f"Unsuccessful command executed: {command}; code: {completed_proc.returncode}\n{result}\n{stderr}"
    )
selenium.common.exceptions.WebDriverException: Message: Unsuccessful command executed: C:\Users\Lenovo\AppData\Local\Programs\Python\Python313\Lib\site-packages\selenium\webdriver\common\windows\selenium-manager.exe --browser chrome --language-binding python --output json; code: 3221225477
{}



The above exception was the direct cause of the following exception:

Traceback (most recent call last):
  File "C:\Users\Lenovo\Desktop\Prize Comparison BOT\price_comparison_bot\scrapers\reliance_scraper.py", line 180, in <module>
    run(q)
    ~~~^^^
  File "C:\Users\Lenovo\Desktop\Prize Comparison BOT\price_comparison_bot\scrapers\reliance_scraper.py", line 160, in run
    driver = init_driver()
  File "C:\Users\Lenovo\Desktop\Prize Comparison BOT\price_comparison_bot\scrapers\reliance_scraper.py", line 66, in init_driver
    driver = webdriver.Chrome(options=options)
  File "C:\Users\Lenovo\AppData\Local\Programs\Python\Python313\Lib\site-packages\selenium\webdriver\chrome\webdriver.py", line 47, in __init__
    super().__init__(
    ~~~~~~~~~~~~~~~~^
        browser_name=DesiredCapabilities.CHROME["browserName"],
        ^^^^^^^^^^^^^^^^^^^^^^^^^^^^^^^^^^^^^^^^^^^^^^^^^^^^^^^
    ...<3 lines>...
        keep_alive=keep_alive,
        ^^^^^^^^^^^^^^^^^^^^^^
    )
    ^
  File "C:\Users\Lenovo\AppData\Local\Programs\Python\Python313\Lib\site-packages\selenium\webdriver\chromium\webdriver.py", line 55, in __init__
    if finder.get_browser_path():
       ~~~~~~~~~~~~~~~~~~~~~~~^^
  File "C:\Users\Lenovo\AppData\Local\Programs\Python\Python313\Lib\site-packages\selenium\webdriver\common\driver_finder.py", line 48, in get_browser_path
    return self._binary_paths()["browser_path"]
           ~~~~~~~~~~~~~~~~~~^^
  File "C:\Users\Lenovo\AppData\Local\Programs\Python\Python313\Lib\site-packages\selenium\webdriver\common\driver_finder.py", line 79, in _binary_paths
    raise NoSuchDriverException(msg) from err
selenium.common.exceptions.NoSuchDriverException: Message: Unable to obtain driver for chrome; For documentation on this error, please visit: https://www.selenium.dev/documentation/webdriver/troubleshooting/errors/driver_location


2026-02-04 11:31:37,864 | WARNING | No output found for Reliance
2026-02-04 11:31:37,865 | INFO | Recommended Product: Apple iPhone 17 (256GB, Black) from Croma at 82900.00
2026-02-04 11:36:14,296 | INFO | Starting orchestration for query: 'iPhone 17 Pro'
2026-02-04 11:36:14,297 | INFO | Running scraper: Amazon
2026-02-04 11:37:14,077 | INFO | Amazon scraper completed successfully
2026-02-04 11:37:14,077 | INFO | Amazon returned 5 products
2026-02-04 11:37:14,078 | INFO | Match found for Amazon: iPhone 17 Pro 256 GB: 15.93 cm (6.3\u2033) Display with Promotion up to 120Hz, A19 Pro Chip, Breakthrough Battery Life, Pro Fusion Camera System with Center Stage Front Camera; Cosmic Orange - 134900.00
2026-02-04 11:37:14,078 | INFO | Running scraper: Flipkart
2026-02-04 11:37:18,738 | ERROR | Flipkart scraper failed with code 1
2026-02-04 11:37:18,738 | ERROR | Stderr: 2026-02-04 11:37:14,525 | INFO | ====== WebDriver manager ======
2026-02-04 11:37:15,455 | INFO | Get LATEST chromedriver version for google-chrome
2026-02-04 11:37:16,067 | INFO | Get LATEST chromedriver version for google-chrome
2026-02-04 11:37:16,600 | INFO | Driver [C:\Users\Lenovo\.wdm\drivers\chromedriver\win64\144.0.7559.133\chromedriver-win32/chromedriver.exe] found in cache
Traceback (most recent call last):
  File "C:\Users\Lenovo\Desktop\Prize Comparison BOT\price_comparison_bot\scrapers\flipkart_scraper.py", line 342, in <module>
    run(q)
    ~~~^^^
  File "C:\Users\Lenovo\Desktop\Prize Comparison BOT\price_comparison_bot\scrapers\flipkart_scraper.py", line 241, in run
    driver = build_driver()
  File "C:\Users\Lenovo\Desktop\Prize Comparison BOT\price_comparison_bot\scrapers\flipkart_scraper.py", line 135, in build_driver
    driver = webdriver.Chrome(service=service, options=opts)
  File "C:\Users\Lenovo\AppData\Local\Programs\Python\Python313\Lib\site-packages\selenium\webdriver\chrome\webdriver.py", line 47, in __init__
    super().__init__(
    ~~~~~~~~~~~~~~~~^
        browser_name=DesiredCapabilities.CHROME["browserName"],
        ^^^^^^^^^^^^^^^^^^^^^^^^^^^^^^^^^^^^^^^^^^^^^^^^^^^^^^^
    ...<3 lines>...
        keep_alive=keep_alive,
        ^^^^^^^^^^^^^^^^^^^^^^
    )
    ^
  File "C:\Users\Lenovo\AppData\Local\Programs\Python\Python313\Lib\site-packages\selenium\webdriver\chromium\webdriver.py", line 60, in __init__
    self.service.start()
    ~~~~~~~~~~~~~~~~~~^^
  File "C:\Users\Lenovo\AppData\Local\Programs\Python\Python313\Lib\site-packages\selenium\webdriver\common\service.py", line 110, in start
    self.assert_process_still_running()
    ~~~~~~~~~~~~~~~~~~~~~~~~~~~~~~~~~^^
  File "C:\Users\Lenovo\AppData\Local\Programs\Python\Python313\Lib\site-packages\selenium\webdriver\common\service.py", line 123, in assert_process_still_running
    raise WebDriverException(f"Service {self._path} unexpectedly exited. Status code was: {return_code}")
selenium.common.exceptions.WebDriverException: Message: Service C:\Users\Lenovo\.wdm\drivers\chromedriver\win64\144.0.7559.133\chromedriver-win32/chromedriver.exe unexpectedly exited. Status code was: 3221225595


2026-02-04 11:37:18,739 | WARNING | No output found for Flipkart
2026-02-04 11:37:18,739 | INFO | Running scraper: Croma
2026-02-04 11:37:19,903 | INFO | Croma scraper completed successfully
2026-02-04 11:37:19,904 | INFO | Croma returned 5 products
2026-02-04 11:37:19,904 | INFO | Match found for Croma: Apple iPhone 17 Pro (256GB, Silver) - 134900.00
2026-02-04 11:37:19,904 | INFO | Running scraper: Reliance
2026-02-04 11:37:24,523 | ERROR | Reliance scraper failed with code 1
2026-02-04 11:37:24,523 | ERROR | Stderr: 2026-02-04 11:37:20,358 | INFO | ===== Reliance Digital Scraper Started =====
Traceback (most recent call last):
  File "C:\Users\Lenovo\Desktop\Prize Comparison BOT\price_comparison_bot\scrapers\reliance_scraper.py", line 186, in <module>
    run(q)
    ~~~^^^
  File "C:\Users\Lenovo\Desktop\Prize Comparison BOT\price_comparison_bot\scrapers\reliance_scraper.py", line 166, in run
    driver = init_driver()
  File "C:\Users\Lenovo\Desktop\Prize Comparison BOT\price_comparison_bot\scrapers\reliance_scraper.py", line 72, in init_driver
    driver = webdriver.Chrome(service=service, options=options)
  File "C:\Users\Lenovo\AppData\Local\Programs\Python\Python313\Lib\site-packages\selenium\webdriver\chrome\webdriver.py", line 47, in __init__
    super().__init__(
    ~~~~~~~~~~~~~~~~^
        browser_name=DesiredCapabilities.CHROME["browserName"],
        ^^^^^^^^^^^^^^^^^^^^^^^^^^^^^^^^^^^^^^^^^^^^^^^^^^^^^^^
    ...<3 lines>...
        keep_alive=keep_alive,
        ^^^^^^^^^^^^^^^^^^^^^^
    )
    ^
  File "C:\Users\Lenovo\AppData\Local\Programs\Python\Python313\Lib\site-packages\selenium\webdriver\chromium\webdriver.py", line 60, in __init__
    self.service.start()
    ~~~~~~~~~~~~~~~~~~^^
  File "C:\Users\Lenovo\AppData\Local\Programs\Python\Python313\Lib\site-packages\selenium\webdriver\common\service.py", line 110, in start
    self.assert_process_still_running()
    ~~~~~~~~~~~~~~~~~~~~~~~~~~~~~~~~~^^
  File "C:\Users\Lenovo\AppData\Local\Programs\Python\Python313\Lib\site-packages\selenium\webdriver\common\service.py", line 123, in assert_process_still_running
    raise WebDriverException(f"Service {self._path} unexpectedly exited. Status code was: {return_code}")
selenium.common.exceptions.WebDriverException: Message: Service C:\Users\Lenovo\.wdm\drivers\chromedriver\win64\144.0.7559.133\chromedriver-win32/chromedriver.exe unexpectedly exited. Status code was: 3221225595


2026-02-04 11:37:24,524 | WARNING | No output found for Reliance
2026-02-04 11:37:24,524 | INFO | Recommended Product: iPhone 17 Pro 256 GB: 15.93 cm (6.3\u2033) Display with Promotion up to 120Hz, A19 Pro Chip, Breakthrough Battery Life, Pro Fusion Camera System with Center Stage Front Camera; Cosmic Orange from Amazon at 134900.00
2026-02-04 11:42:51,685 | INFO | Starting orchestration for query: 'iPhone 17 Pro'
2026-02-04 11:42:51,686 | INFO | Running scraper: Amazon
2026-02-04 11:43:44,679 | INFO | Amazon scraper completed successfully
2026-02-04 11:43:44,680 | INFO | Amazon returned 5 products
2026-02-04 11:43:44,680 | INFO | Match found for Amazon: iPhone 17 Pro 256 GB: 15.93 cm (6.3\u2033) Display with Promotion up to 120Hz, A19 Pro Chip, Breakthrough Battery Life, Pro Fusion Camera System with Center Stage Front Camera; Cosmic Orange - 134900.00
2026-02-04 11:43:44,681 | INFO | Running scraper: Flipkart
2026-02-04 11:44:26,271 | ERROR | Flipkart scraper failed with code 1
2026-02-04 11:44:26,271 | ERROR | Stderr: 2026-02-04 11:43:45,118 | INFO | ====== WebDriver manager ======
2026-02-04 11:43:46,076 | INFO | Get LATEST chromedriver version for google-chrome
2026-02-04 11:43:46,649 | INFO | Get LATEST chromedriver version for google-chrome
2026-02-04 11:43:47,186 | INFO | Driver [C:\Users\Lenovo\.wdm\drivers\chromedriver\win64\144.0.7559.133\chromedriver-win32/chromedriver.exe] found in cache
C:\Users\Lenovo\Desktop\Prize Comparison BOT\price_comparison_bot\scrapers\flipkart_scraper.py:247: DeprecationWarning: datetime.datetime.utcnow() is deprecated and scheduled for removal in a future version. Use timezone-aware objects to represent datetimes in UTC: datetime.datetime.now(datetime.UTC).
  "search_time": datetime.utcnow().isoformat(),
2026-02-04 11:43:49,108 | INFO | Opening Flipkart homepage
2026-02-04 11:44:07,613 | ERROR | HARD STOP: Risk detected on homepage
2026-02-04 11:44:13,920 | WARNING | Retrying (Retry(total=2, connect=None, read=None, redirect=None, status=None)) after connection broken by 'NewConnectionError('<urllib3.connection.HTTPConnection object at 0x0000019B280D2210>: Failed to establish a new connection: [WinError 10061] No connection could be made because the target machine actively refused it')': /session/8282e54d566b85179c1a51d3ec525706
2026-02-04 11:44:17,969 | WARNING | Retrying (Retry(total=1, connect=None, read=None, redirect=None, status=None)) after connection broken by 'NewConnectionError('<urllib3.connection.HTTPConnection object at 0x0000019B280D1590>: Failed to establish a new connection: [WinError 10061] No connection could be made because the target machine actively refused it')': /session/8282e54d566b85179c1a51d3ec525706
2026-02-04 11:44:22,026 | WARNING | Retrying (Retry(total=0, connect=None, read=None, redirect=None, status=None)) after connection broken by 'NewConnectionError('<urllib3.connection.HTTPConnection object at 0x0000019B280E95B0>: Failed to establish a new connection: [WinError 10061] No connection could be made because the target machine actively refused it')': /session/8282e54d566b85179c1a51d3ec525706
Risk detected on homepage

2026-02-04 11:44:26,271 | WARNING | No output found for Flipkart
2026-02-04 11:44:26,272 | INFO | Running scraper: Croma
2026-02-04 11:44:27,034 | INFO | Croma scraper completed successfully
2026-02-04 11:44:27,035 | INFO | Croma returned 5 products
2026-02-04 11:44:27,035 | INFO | Match found for Croma: Apple iPhone 17 Pro (256GB, Silver) - 134900.00
2026-02-04 11:44:27,035 | INFO | Running scraper: Reliance
2026-02-04 11:44:54,433 | INFO | Reliance scraper completed successfully
2026-02-04 11:44:54,433 | INFO | Reliance returned 5 products
2026-02-04 11:44:54,434 | INFO | Match found for Reliance: Apple iPhone 17 Pro 256 GB, Cosmic Orange - 134900.00
2026-02-04 11:44:54,434 | INFO | Recommended Product: iPhone 17 Pro 256 GB: 15.93 cm (6.3\u2033) Display with Promotion up to 120Hz, A19 Pro Chip, Breakthrough Battery Life, Pro Fusion Camera System with Center Stage Front Camera; Cosmic Orange from Amazon at 134900.00
2026-02-04 11:51:26,266 | INFO | Starting orchestration for query: 'iPhone 17 Pro'
2026-02-04 11:51:26,266 | INFO | Running scraper: Amazon
2026-02-04 11:52:23,753 | INFO | Amazon scraper completed successfully
2026-02-04 11:52:23,754 | INFO | Amazon returned 5 products
2026-02-04 11:52:23,755 | INFO | Match found for Amazon: iPhone 17 Pro 256 GB: 15.93 cm (6.3\u2033) Display with Promotion up to 120Hz, A19 Pro Chip, Breakthrough Battery Life, Pro Fusion Camera System with Center Stage Front Camera; Cosmic Orange - 134900.00
2026-02-04 11:52:23,756 | INFO | Cooldown: waiting 5 seconds before next scraper...
2026-02-04 11:52:28,756 | INFO | Running scraper: Flipkart
2026-02-04 11:52:33,562 | ERROR | Flipkart scraper failed with code 1
2026-02-04 11:52:33,562 | ERROR | Stderr: 2026-02-04 11:52:29,258 | INFO | ====== WebDriver manager ======
2026-02-04 11:52:30,272 | INFO | Get LATEST chromedriver version for google-chrome
2026-02-04 11:52:30,796 | INFO | Get LATEST chromedriver version for google-chrome
2026-02-04 11:52:31,357 | INFO | Driver [C:\Users\Lenovo\.wdm\drivers\chromedriver\win64\144.0.7559.133\chromedriver-win32/chromedriver.exe] found in cache
Traceback (most recent call last):
  File "C:\Users\Lenovo\Desktop\Prize Comparison BOT\price_comparison_bot\scrapers\flipkart_scraper.py", line 341, in <module>
    run(q)
    ~~~^^^
  File "C:\Users\Lenovo\Desktop\Prize Comparison BOT\price_comparison_bot\scrapers\flipkart_scraper.py", line 240, in run
    driver = build_driver()
  File "C:\Users\Lenovo\Desktop\Prize Comparison BOT\price_comparison_bot\scrapers\flipkart_scraper.py", line 135, in build_driver
    driver = webdriver.Chrome(service=service, options=opts)
  File "C:\Users\Lenovo\AppData\Local\Programs\Python\Python313\Lib\site-packages\selenium\webdriver\chrome\webdriver.py", line 47, in __init__
    super().__init__(
    ~~~~~~~~~~~~~~~~^
        browser_name=DesiredCapabilities.CHROME["browserName"],
        ^^^^^^^^^^^^^^^^^^^^^^^^^^^^^^^^^^^^^^^^^^^^^^^^^^^^^^^
    ...<3 lines>...
        keep_alive=keep_alive,
        ^^^^^^^^^^^^^^^^^^^^^^
    )
    ^
  File "C:\Users\Lenovo\AppData\Local\Programs\Python\Python313\Lib\site-packages\selenium\webdriver\chromium\webdriver.py", line 60, in __init__
    self.service.start()
    ~~~~~~~~~~~~~~~~~~^^
  File "C:\Users\Lenovo\AppData\Local\Programs\Python\Python313\Lib\site-packages\selenium\webdriver\common\service.py", line 110, in start
    self.assert_process_still_running()
    ~~~~~~~~~~~~~~~~~~~~~~~~~~~~~~~~~^^
  File "C:\Users\Lenovo\AppData\Local\Programs\Python\Python313\Lib\site-packages\selenium\webdriver\common\service.py", line 123, in assert_process_still_running
    raise WebDriverException(f"Service {self._path} unexpectedly exited. Status code was: {return_code}")
selenium.common.exceptions.WebDriverException: Message: Service C:\Users\Lenovo\.wdm\drivers\chromedriver\win64\144.0.7559.133\chromedriver-win32/chromedriver.exe unexpectedly exited. Status code was: 3221225595


2026-02-04 11:52:33,563 | WARNING | No output found for Flipkart
2026-02-04 11:52:33,563 | INFO | Running scraper: Croma
2026-02-04 11:52:34,408 | INFO | Croma scraper completed successfully
2026-02-04 11:52:34,409 | INFO | Croma returned 5 products
2026-02-04 11:52:34,409 | INFO | Match found for Croma: Apple iPhone 17 Pro (256GB, Silver) - 134900.00
2026-02-04 11:52:34,409 | INFO | Cooldown: waiting 5 seconds before next scraper...
2026-02-04 11:52:39,410 | INFO | Running scraper: Reliance
2026-02-04 11:52:43,971 | ERROR | Reliance scraper failed with code 1
2026-02-04 11:52:43,971 | ERROR | Stderr: 2026-02-04 11:52:39,881 | INFO | ===== Reliance Digital Scraper Started =====
Traceback (most recent call last):
  File "C:\Users\Lenovo\Desktop\Prize Comparison BOT\price_comparison_bot\scrapers\reliance_scraper.py", line 185, in <module>
    run(q)
    ~~~^^^
  File "C:\Users\Lenovo\Desktop\Prize Comparison BOT\price_comparison_bot\scrapers\reliance_scraper.py", line 165, in run
    driver = init_driver()
  File "C:\Users\Lenovo\Desktop\Prize Comparison BOT\price_comparison_bot\scrapers\reliance_scraper.py", line 72, in init_driver
    driver = webdriver.Chrome(service=service, options=options)
  File "C:\Users\Lenovo\AppData\Local\Programs\Python\Python313\Lib\site-packages\selenium\webdriver\chrome\webdriver.py", line 47, in __init__
    super().__init__(
    ~~~~~~~~~~~~~~~~^
        browser_name=DesiredCapabilities.CHROME["browserName"],
        ^^^^^^^^^^^^^^^^^^^^^^^^^^^^^^^^^^^^^^^^^^^^^^^^^^^^^^^
    ...<3 lines>...
        keep_alive=keep_alive,
        ^^^^^^^^^^^^^^^^^^^^^^
    )
    ^
  File "C:\Users\Lenovo\AppData\Local\Programs\Python\Python313\Lib\site-packages\selenium\webdriver\chromium\webdriver.py", line 60, in __init__
    self.service.start()
    ~~~~~~~~~~~~~~~~~~^^
  File "C:\Users\Lenovo\AppData\Local\Programs\Python\Python313\Lib\site-packages\selenium\webdriver\common\service.py", line 110, in start
    self.assert_process_still_running()
    ~~~~~~~~~~~~~~~~~~~~~~~~~~~~~~~~~^^
  File "C:\Users\Lenovo\AppData\Local\Programs\Python\Python313\Lib\site-packages\selenium\webdriver\common\service.py", line 123, in assert_process_still_running
    raise WebDriverException(f"Service {self._path} unexpectedly exited. Status code was: {return_code}")
selenium.common.exceptions.WebDriverException: Message: Service C:\Users\Lenovo\.wdm\drivers\chromedriver\win64\144.0.7559.133\chromedriver-win32/chromedriver.exe unexpectedly exited. Status code was: 3221225595


2026-02-04 11:52:43,993 | INFO | Reliance returned 5 products
2026-02-04 11:52:43,993 | INFO | Match found for Reliance: Apple iPhone 17 Pro 256 GB, Cosmic Orange - 134900.00
2026-02-04 11:52:43,993 | INFO | Cooldown: waiting 5 seconds before next scraper...
2026-02-04 11:52:48,994 | INFO | Recommended Product: iPhone 17 Pro 256 GB: 15.93 cm (6.3\u2033) Display with Promotion up to 120Hz, A19 Pro Chip, Breakthrough Battery Life, Pro Fusion Camera System with Center Stage Front Camera; Cosmic Orange from Amazon at 134900.00
2026-02-04 12:27:14,768 | INFO | Starting orchestration for query: 'iPhone 17 Pro'
2026-02-04 12:27:14,778 | INFO | Running scraper: Flipkart
2026-02-04 12:27:17,507 | ERROR | Flipkart scraper failed with code 1
2026-02-04 12:27:17,508 | ERROR | Stderr: Traceback (most recent call last):
  File "C:\Users\Lenovo\AppData\Local\Programs\Python\Python313\Lib\site-packages\selenium\webdriver\common\driver_finder.py", line 68, in _binary_paths
    output = SeleniumManager().binary_paths(self._to_args())
  File "C:\Users\Lenovo\AppData\Local\Programs\Python\Python313\Lib\site-packages\selenium\webdriver\common\selenium_manager.py", line 56, in binary_paths
    return self._run(args)
           ~~~~~~~~~^^^^^^
  File "C:\Users\Lenovo\AppData\Local\Programs\Python\Python313\Lib\site-packages\selenium\webdriver\common\selenium_manager.py", line 134, in _run
    raise WebDriverException(
        f"Unsuccessful command executed: {command}; code: {completed_proc.returncode}\n{result}\n{stderr}"
    )
selenium.common.exceptions.WebDriverException: Message: Unsuccessful command executed: C:\Users\Lenovo\AppData\Local\Programs\Python\Python313\Lib\site-packages\selenium\webdriver\common\windows\selenium-manager.exe --browser chrome --language-binding python --output json; code: 3221225477
{}



The above exception was the direct cause of the following exception:

Traceback (most recent call last):
  File "C:\Users\Lenovo\Desktop\Prize Comparison BOT\price_comparison_bot\scrapers\flipkart_scraper.py", line 339, in <module>
    run(q)
    ~~~^^^
  File "C:\Users\Lenovo\Desktop\Prize Comparison BOT\price_comparison_bot\scrapers\flipkart_scraper.py", line 238, in run
    driver = build_driver()
  File "C:\Users\Lenovo\Desktop\Prize Comparison BOT\price_comparison_bot\scrapers\flipkart_scraper.py", line 133, in build_driver
    driver = webdriver.Chrome(options=opts)
  File "C:\Users\Lenovo\AppData\Local\Programs\Python\Python313\Lib\site-packages\selenium\webdriver\chrome\webdriver.py", line 47, in __init__
    super().__init__(
    ~~~~~~~~~~~~~~~~^
        browser_name=DesiredCapabilities.CHROME["browserName"],
        ^^^^^^^^^^^^^^^^^^^^^^^^^^^^^^^^^^^^^^^^^^^^^^^^^^^^^^^
    ...<3 lines>...
        keep_alive=keep_alive,
        ^^^^^^^^^^^^^^^^^^^^^^
    )
    ^
  File "C:\Users\Lenovo\AppData\Local\Programs\Python\Python313\Lib\site-packages\selenium\webdriver\chromium\webdriver.py", line 55, in __init__
    if finder.get_browser_path():
       ~~~~~~~~~~~~~~~~~~~~~~~^^
  File "C:\Users\Lenovo\AppData\Local\Programs\Python\Python313\Lib\site-packages\selenium\webdriver\common\driver_finder.py", line 48, in get_browser_path
    return self._binary_paths()["browser_path"]
           ~~~~~~~~~~~~~~~~~~^^
  File "C:\Users\Lenovo\AppData\Local\Programs\Python\Python313\Lib\site-packages\selenium\webdriver\common\driver_finder.py", line 79, in _binary_paths
    raise NoSuchDriverException(msg) from err
selenium.common.exceptions.NoSuchDriverException: Message: Unable to obtain driver for chrome; For documentation on this error, please visit: https://www.selenium.dev/documentation/webdriver/troubleshooting/errors/driver_location


2026-02-04 12:27:17,508 | WARNING | No output found for Flipkart
2026-02-04 12:27:17,508 | INFO | Running scraper: Amazon
2026-02-04 12:27:17,935 | ERROR | Amazon scraper failed with code 1
2026-02-04 12:27:17,936 | ERROR | Stderr: Traceback (most recent call last):
  File "C:\Users\Lenovo\AppData\Local\Programs\Python\Python313\Lib\site-packages\selenium\webdriver\common\driver_finder.py", line 68, in _binary_paths
    output = SeleniumManager().binary_paths(self._to_args())
  File "C:\Users\Lenovo\AppData\Local\Programs\Python\Python313\Lib\site-packages\selenium\webdriver\common\selenium_manager.py", line 56, in binary_paths
    return self._run(args)
           ~~~~~~~~~^^^^^^
  File "C:\Users\Lenovo\AppData\Local\Programs\Python\Python313\Lib\site-packages\selenium\webdriver\common\selenium_manager.py", line 134, in _run
    raise WebDriverException(
        f"Unsuccessful command executed: {command}; code: {completed_proc.returncode}\n{result}\n{stderr}"
    )
selenium.common.exceptions.WebDriverException: Message: Unsuccessful command executed: C:\Users\Lenovo\AppData\Local\Programs\Python\Python313\Lib\site-packages\selenium\webdriver\common\windows\selenium-manager.exe --browser chrome --language-binding python --output json; code: 3221225477
{}



The above exception was the direct cause of the following exception:

Traceback (most recent call last):
  File "C:\Users\Lenovo\Desktop\Prize Comparison BOT\price_comparison_bot\scrapers\amazon_scraper.py", line 401, in <module>
    run(q)
    ~~~^^^
  File "C:\Users\Lenovo\Desktop\Prize Comparison BOT\price_comparison_bot\scrapers\amazon_scraper.py", line 270, in run
    driver = build_driver()
  File "C:\Users\Lenovo\Desktop\Prize Comparison BOT\price_comparison_bot\scrapers\amazon_scraper.py", line 158, in build_driver
    driver = webdriver.Chrome(options=opts)
  File "C:\Users\Lenovo\AppData\Local\Programs\Python\Python313\Lib\site-packages\selenium\webdriver\chrome\webdriver.py", line 47, in __init__
    super().__init__(
    ~~~~~~~~~~~~~~~~^
        browser_name=DesiredCapabilities.CHROME["browserName"],
        ^^^^^^^^^^^^^^^^^^^^^^^^^^^^^^^^^^^^^^^^^^^^^^^^^^^^^^^
    ...<3 lines>...
        keep_alive=keep_alive,
        ^^^^^^^^^^^^^^^^^^^^^^
    )
    ^
  File "C:\Users\Lenovo\AppData\Local\Programs\Python\Python313\Lib\site-packages\selenium\webdriver\chromium\webdriver.py", line 55, in __init__
    if finder.get_browser_path():
       ~~~~~~~~~~~~~~~~~~~~~~~^^
  File "C:\Users\Lenovo\AppData\Local\Programs\Python\Python313\Lib\site-packages\selenium\webdriver\common\driver_finder.py", line 48, in get_browser_path
    return self._binary_paths()["browser_path"]
           ~~~~~~~~~~~~~~~~~~^^
  File "C:\Users\Lenovo\AppData\Local\Programs\Python\Python313\Lib\site-packages\selenium\webdriver\common\driver_finder.py", line 79, in _binary_paths
    raise NoSuchDriverException(msg) from err
selenium.common.exceptions.NoSuchDriverException: Message: Unable to obtain driver for chrome; For documentation on this error, please visit: https://www.selenium.dev/documentation/webdriver/troubleshooting/errors/driver_location


2026-02-04 12:27:17,947 | INFO | Amazon returned 5 products
2026-02-04 12:27:17,958 | INFO | Match found for Amazon: iPhone 17 Pro 256 GB: 15.93 cm (6.3\u2033) Display with Promotion up to 120Hz, A19 Pro Chip, Breakthrough Battery Life, Pro Fusion Camera System with Center Stage Front Camera; Cosmic Orange - 134900.00
2026-02-04 12:27:17,959 | INFO | Cooldown: waiting 5 seconds before next scraper...
2026-02-04 12:27:22,959 | INFO | Running scraper: Reliance
2026-02-04 12:27:23,490 | ERROR | Reliance scraper failed with code 1
2026-02-04 12:27:23,490 | ERROR | Stderr: 2026-02-04 12:27:23,380 | INFO | ===== Reliance Digital Scraper Started =====
Traceback (most recent call last):
  File "C:\Users\Lenovo\AppData\Local\Programs\Python\Python313\Lib\site-packages\selenium\webdriver\common\driver_finder.py", line 68, in _binary_paths
    output = SeleniumManager().binary_paths(self._to_args())
  File "C:\Users\Lenovo\AppData\Local\Programs\Python\Python313\Lib\site-packages\selenium\webdriver\common\selenium_manager.py", line 56, in binary_paths
    return self._run(args)
           ~~~~~~~~~^^^^^^
  File "C:\Users\Lenovo\AppData\Local\Programs\Python\Python313\Lib\site-packages\selenium\webdriver\common\selenium_manager.py", line 134, in _run
    raise WebDriverException(
        f"Unsuccessful command executed: {command}; code: {completed_proc.returncode}\n{result}\n{stderr}"
    )
selenium.common.exceptions.WebDriverException: Message: Unsuccessful command executed: C:\Users\Lenovo\AppData\Local\Programs\Python\Python313\Lib\site-packages\selenium\webdriver\common\windows\selenium-manager.exe --browser chrome --language-binding python --output json; code: 3221225477
{}



The above exception was the direct cause of the following exception:

Traceback (most recent call last):
  File "C:\Users\Lenovo\Desktop\Prize Comparison BOT\price_comparison_bot\scrapers\reliance_scraper.py", line 182, in <module>
    run(q)
    ~~~^^^
  File "C:\Users\Lenovo\Desktop\Prize Comparison BOT\price_comparison_bot\scrapers\reliance_scraper.py", line 162, in run
    driver = init_driver()
  File "C:\Users\Lenovo\Desktop\Prize Comparison BOT\price_comparison_bot\scrapers\reliance_scraper.py", line 69, in init_driver
    driver = webdriver.Chrome(options=options)
  File "C:\Users\Lenovo\AppData\Local\Programs\Python\Python313\Lib\site-packages\selenium\webdriver\chrome\webdriver.py", line 47, in __init__
    super().__init__(
    ~~~~~~~~~~~~~~~~^
        browser_name=DesiredCapabilities.CHROME["browserName"],
        ^^^^^^^^^^^^^^^^^^^^^^^^^^^^^^^^^^^^^^^^^^^^^^^^^^^^^^^
    ...<3 lines>...
        keep_alive=keep_alive,
        ^^^^^^^^^^^^^^^^^^^^^^
    )
    ^
  File "C:\Users\Lenovo\AppData\Local\Programs\Python\Python313\Lib\site-packages\selenium\webdriver\chromium\webdriver.py", line 55, in __init__
    if finder.get_browser_path():
       ~~~~~~~~~~~~~~~~~~~~~~~^^
  File "C:\Users\Lenovo\AppData\Local\Programs\Python\Python313\Lib\site-packages\selenium\webdriver\common\driver_finder.py", line 48, in get_browser_path
    return self._binary_paths()["browser_path"]
           ~~~~~~~~~~~~~~~~~~^^
  File "C:\Users\Lenovo\AppData\Local\Programs\Python\Python313\Lib\site-packages\selenium\webdriver\common\driver_finder.py", line 79, in _binary_paths
    raise NoSuchDriverException(msg) from err
selenium.common.exceptions.NoSuchDriverException: Message: Unable to obtain driver for chrome; For documentation on this error, please visit: https://www.selenium.dev/documentation/webdriver/troubleshooting/errors/driver_location


2026-02-04 12:27:23,498 | INFO | Reliance returned 5 products
2026-02-04 12:27:23,498 | INFO | Match found for Reliance: Apple iPhone 17 Pro 256 GB, Cosmic Orange - 134900.00
2026-02-04 12:27:23,498 | INFO | Cooldown: waiting 5 seconds before next scraper...
2026-02-04 12:27:28,499 | INFO | Running scraper: Croma
2026-02-04 12:27:30,298 | INFO | Croma scraper completed successfully
2026-02-04 12:27:30,298 | INFO | Croma returned 5 products
2026-02-04 12:27:30,298 | INFO | Match found for Croma: Apple iPhone 17 Pro (256GB, Silver) - 134900.00
2026-02-04 12:27:30,299 | INFO | Cooldown: waiting 5 seconds before next scraper...
2026-02-04 12:27:35,299 | INFO | Recommended Product: iPhone 17 Pro 256 GB: 15.93 cm (6.3\u2033) Display with Promotion up to 120Hz, A19 Pro Chip, Breakthrough Battery Life, Pro Fusion Camera System with Center Stage Front Camera; Cosmic Orange from Amazon at 134900.00
2026-02-04 12:28:57,951 | INFO | Starting orchestration for query: 'iPhone 17 Pro'
2026-02-04 12:28:57,951 | INFO | Running scraper: Flipkart
2026-02-04 12:28:58,393 | ERROR | Flipkart scraper failed with code 1
2026-02-04 12:28:58,393 | ERROR | Stderr: Traceback (most recent call last):
  File "C:\Users\Lenovo\AppData\Local\Programs\Python\Python313\Lib\site-packages\selenium\webdriver\common\driver_finder.py", line 68, in _binary_paths
    output = SeleniumManager().binary_paths(self._to_args())
  File "C:\Users\Lenovo\AppData\Local\Programs\Python\Python313\Lib\site-packages\selenium\webdriver\common\selenium_manager.py", line 56, in binary_paths
    return self._run(args)
           ~~~~~~~~~^^^^^^
  File "C:\Users\Lenovo\AppData\Local\Programs\Python\Python313\Lib\site-packages\selenium\webdriver\common\selenium_manager.py", line 134, in _run
    raise WebDriverException(
        f"Unsuccessful command executed: {command}; code: {completed_proc.returncode}\n{result}\n{stderr}"
    )
selenium.common.exceptions.WebDriverException: Message: Unsuccessful command executed: C:\Users\Lenovo\AppData\Local\Programs\Python\Python313\Lib\site-packages\selenium\webdriver\common\windows\selenium-manager.exe --browser chrome --language-binding python --output json; code: 3221225477
{}



The above exception was the direct cause of the following exception:

Traceback (most recent call last):
  File "C:\Users\Lenovo\Desktop\Prize Comparison BOT\price_comparison_bot\scrapers\flipkart_scraper.py", line 339, in <module>
    run(q)
    ~~~^^^
  File "C:\Users\Lenovo\Desktop\Prize Comparison BOT\price_comparison_bot\scrapers\flipkart_scraper.py", line 238, in run
    driver = build_driver()
  File "C:\Users\Lenovo\Desktop\Prize Comparison BOT\price_comparison_bot\scrapers\flipkart_scraper.py", line 133, in build_driver
    driver = webdriver.Chrome(options=opts)
  File "C:\Users\Lenovo\AppData\Local\Programs\Python\Python313\Lib\site-packages\selenium\webdriver\chrome\webdriver.py", line 47, in __init__
    super().__init__(
    ~~~~~~~~~~~~~~~~^
        browser_name=DesiredCapabilities.CHROME["browserName"],
        ^^^^^^^^^^^^^^^^^^^^^^^^^^^^^^^^^^^^^^^^^^^^^^^^^^^^^^^
    ...<3 lines>...
        keep_alive=keep_alive,
        ^^^^^^^^^^^^^^^^^^^^^^
    )
    ^
  File "C:\Users\Lenovo\AppData\Local\Programs\Python\Python313\Lib\site-packages\selenium\webdriver\chromium\webdriver.py", line 55, in __init__
    if finder.get_browser_path():
       ~~~~~~~~~~~~~~~~~~~~~~~^^
  File "C:\Users\Lenovo\AppData\Local\Programs\Python\Python313\Lib\site-packages\selenium\webdriver\common\driver_finder.py", line 48, in get_browser_path
    return self._binary_paths()["browser_path"]
           ~~~~~~~~~~~~~~~~~~^^
  File "C:\Users\Lenovo\AppData\Local\Programs\Python\Python313\Lib\site-packages\selenium\webdriver\common\driver_finder.py", line 79, in _binary_paths
    raise NoSuchDriverException(msg) from err
selenium.common.exceptions.NoSuchDriverException: Message: Unable to obtain driver for chrome; For documentation on this error, please visit: https://www.selenium.dev/documentation/webdriver/troubleshooting/errors/driver_location


2026-02-04 12:28:58,393 | WARNING | No output found for Flipkart
2026-02-04 12:28:58,394 | INFO | Running scraper: Amazon
2026-02-04 12:28:58,816 | ERROR | Amazon scraper failed with code 1
2026-02-04 12:28:58,816 | ERROR | Stderr: Traceback (most recent call last):
  File "C:\Users\Lenovo\AppData\Local\Programs\Python\Python313\Lib\site-packages\selenium\webdriver\common\driver_finder.py", line 68, in _binary_paths
    output = SeleniumManager().binary_paths(self._to_args())
  File "C:\Users\Lenovo\AppData\Local\Programs\Python\Python313\Lib\site-packages\selenium\webdriver\common\selenium_manager.py", line 56, in binary_paths
    return self._run(args)
           ~~~~~~~~~^^^^^^
  File "C:\Users\Lenovo\AppData\Local\Programs\Python\Python313\Lib\site-packages\selenium\webdriver\common\selenium_manager.py", line 134, in _run
    raise WebDriverException(
        f"Unsuccessful command executed: {command}; code: {completed_proc.returncode}\n{result}\n{stderr}"
    )
selenium.common.exceptions.WebDriverException: Message: Unsuccessful command executed: C:\Users\Lenovo\AppData\Local\Programs\Python\Python313\Lib\site-packages\selenium\webdriver\common\windows\selenium-manager.exe --browser chrome --language-binding python --output json; code: 3221225477
{}



The above exception was the direct cause of the following exception:

Traceback (most recent call last):
  File "C:\Users\Lenovo\Desktop\Prize Comparison BOT\price_comparison_bot\scrapers\amazon_scraper.py", line 401, in <module>
    run(q)
    ~~~^^^
  File "C:\Users\Lenovo\Desktop\Prize Comparison BOT\price_comparison_bot\scrapers\amazon_scraper.py", line 270, in run
    driver = build_driver()
  File "C:\Users\Lenovo\Desktop\Prize Comparison BOT\price_comparison_bot\scrapers\amazon_scraper.py", line 158, in build_driver
    driver = webdriver.Chrome(options=opts)
  File "C:\Users\Lenovo\AppData\Local\Programs\Python\Python313\Lib\site-packages\selenium\webdriver\chrome\webdriver.py", line 47, in __init__
    super().__init__(
    ~~~~~~~~~~~~~~~~^
        browser_name=DesiredCapabilities.CHROME["browserName"],
        ^^^^^^^^^^^^^^^^^^^^^^^^^^^^^^^^^^^^^^^^^^^^^^^^^^^^^^^
    ...<3 lines>...
        keep_alive=keep_alive,
        ^^^^^^^^^^^^^^^^^^^^^^
    )
    ^
  File "C:\Users\Lenovo\AppData\Local\Programs\Python\Python313\Lib\site-packages\selenium\webdriver\chromium\webdriver.py", line 55, in __init__
    if finder.get_browser_path():
       ~~~~~~~~~~~~~~~~~~~~~~~^^
  File "C:\Users\Lenovo\AppData\Local\Programs\Python\Python313\Lib\site-packages\selenium\webdriver\common\driver_finder.py", line 48, in get_browser_path
    return self._binary_paths()["browser_path"]
           ~~~~~~~~~~~~~~~~~~^^
  File "C:\Users\Lenovo\AppData\Local\Programs\Python\Python313\Lib\site-packages\selenium\webdriver\common\driver_finder.py", line 79, in _binary_paths
    raise NoSuchDriverException(msg) from err
selenium.common.exceptions.NoSuchDriverException: Message: Unable to obtain driver for chrome; For documentation on this error, please visit: https://www.selenium.dev/documentation/webdriver/troubleshooting/errors/driver_location


2026-02-04 12:28:58,817 | INFO | Amazon returned 5 products
2026-02-04 12:28:58,817 | INFO | Match found for Amazon: iPhone 17 Pro 256 GB: 15.93 cm (6.3\u2033) Display with Promotion up to 120Hz, A19 Pro Chip, Breakthrough Battery Life, Pro Fusion Camera System with Center Stage Front Camera; Cosmic Orange - 134900.00
2026-02-04 12:28:58,817 | INFO | Cooldown: waiting 5 seconds before next scraper...
2026-02-04 12:29:03,818 | INFO | Running scraper: Reliance
2026-02-04 12:29:04,263 | ERROR | Reliance scraper failed with code 1
2026-02-04 12:29:04,263 | ERROR | Stderr: 2026-02-04 12:29:04,197 | INFO | ===== Reliance Digital Scraper Started =====
Traceback (most recent call last):
  File "C:\Users\Lenovo\AppData\Local\Programs\Python\Python313\Lib\site-packages\selenium\webdriver\common\driver_finder.py", line 68, in _binary_paths
    output = SeleniumManager().binary_paths(self._to_args())
  File "C:\Users\Lenovo\AppData\Local\Programs\Python\Python313\Lib\site-packages\selenium\webdriver\common\selenium_manager.py", line 56, in binary_paths
    return self._run(args)
           ~~~~~~~~~^^^^^^
  File "C:\Users\Lenovo\AppData\Local\Programs\Python\Python313\Lib\site-packages\selenium\webdriver\common\selenium_manager.py", line 134, in _run
    raise WebDriverException(
        f"Unsuccessful command executed: {command}; code: {completed_proc.returncode}\n{result}\n{stderr}"
    )
selenium.common.exceptions.WebDriverException: Message: Unsuccessful command executed: C:\Users\Lenovo\AppData\Local\Programs\Python\Python313\Lib\site-packages\selenium\webdriver\common\windows\selenium-manager.exe --browser chrome --language-binding python --output json; code: 3221225477
{}



The above exception was the direct cause of the following exception:

Traceback (most recent call last):
  File "C:\Users\Lenovo\Desktop\Prize Comparison BOT\price_comparison_bot\scrapers\reliance_scraper.py", line 182, in <module>
    run(q)
    ~~~^^^
  File "C:\Users\Lenovo\Desktop\Prize Comparison BOT\price_comparison_bot\scrapers\reliance_scraper.py", line 162, in run
    driver = init_driver()
  File "C:\Users\Lenovo\Desktop\Prize Comparison BOT\price_comparison_bot\scrapers\reliance_scraper.py", line 69, in init_driver
    driver = webdriver.Chrome(options=options)
  File "C:\Users\Lenovo\AppData\Local\Programs\Python\Python313\Lib\site-packages\selenium\webdriver\chrome\webdriver.py", line 47, in __init__
    super().__init__(
    ~~~~~~~~~~~~~~~~^
        browser_name=DesiredCapabilities.CHROME["browserName"],
        ^^^^^^^^^^^^^^^^^^^^^^^^^^^^^^^^^^^^^^^^^^^^^^^^^^^^^^^
    ...<3 lines>...
        keep_alive=keep_alive,
        ^^^^^^^^^^^^^^^^^^^^^^
    )
    ^
  File "C:\Users\Lenovo\AppData\Local\Programs\Python\Python313\Lib\site-packages\selenium\webdriver\chromium\webdriver.py", line 55, in __init__
    if finder.get_browser_path():
       ~~~~~~~~~~~~~~~~~~~~~~~^^
  File "C:\Users\Lenovo\AppData\Local\Programs\Python\Python313\Lib\site-packages\selenium\webdriver\common\driver_finder.py", line 48, in get_browser_path
    return self._binary_paths()["browser_path"]
           ~~~~~~~~~~~~~~~~~~^^
  File "C:\Users\Lenovo\AppData\Local\Programs\Python\Python313\Lib\site-packages\selenium\webdriver\common\driver_finder.py", line 79, in _binary_paths
    raise NoSuchDriverException(msg) from err
selenium.common.exceptions.NoSuchDriverException: Message: Unable to obtain driver for chrome; For documentation on this error, please visit: https://www.selenium.dev/documentation/webdriver/troubleshooting/errors/driver_location


2026-02-04 12:29:04,264 | INFO | Reliance returned 5 products
2026-02-04 12:29:04,264 | INFO | Match found for Reliance: Apple iPhone 17 Pro 256 GB, Cosmic Orange - 134900.00
2026-02-04 12:29:04,264 | INFO | Cooldown: waiting 5 seconds before next scraper...
2026-02-04 12:29:09,265 | INFO | Running scraper: Croma
2026-02-04 12:29:10,064 | INFO | Croma scraper completed successfully
2026-02-04 12:29:10,064 | INFO | Croma returned 5 products
2026-02-04 12:29:10,064 | INFO | Match found for Croma: Apple iPhone 17 Pro (256GB, Silver) - 134900.00
2026-02-04 12:29:10,065 | INFO | Cooldown: waiting 5 seconds before next scraper...
2026-02-04 12:29:15,065 | INFO | Recommended Product: iPhone 17 Pro 256 GB: 15.93 cm (6.3\u2033) Display with Promotion up to 120Hz, A19 Pro Chip, Breakthrough Battery Life, Pro Fusion Camera System with Center Stage Front Camera; Cosmic Orange from Amazon at 134900.00
2026-02-04 12:35:14,062 | INFO | Starting orchestration for query: 'iPhone 17 Pro'
2026-02-04 12:35:14,072 | INFO | Running scraper: Flipkart
2026-02-04 12:35:18,737 | ERROR | Flipkart scraper failed with code 1
2026-02-04 12:35:18,738 | ERROR | Stderr: Traceback (most recent call last):
  File "C:\Users\Lenovo\AppData\Local\Programs\Python\Python313\Lib\site-packages\selenium\webdriver\common\driver_finder.py", line 68, in _binary_paths
    output = SeleniumManager().binary_paths(self._to_args())
  File "C:\Users\Lenovo\AppData\Local\Programs\Python\Python313\Lib\site-packages\selenium\webdriver\common\selenium_manager.py", line 56, in binary_paths
    return self._run(args)
           ~~~~~~~~~^^^^^^
  File "C:\Users\Lenovo\AppData\Local\Programs\Python\Python313\Lib\site-packages\selenium\webdriver\common\selenium_manager.py", line 134, in _run
    raise WebDriverException(
        f"Unsuccessful command executed: {command}; code: {completed_proc.returncode}\n{result}\n{stderr}"
    )
selenium.common.exceptions.WebDriverException: Message: Unsuccessful command executed: C:\Users\Lenovo\AppData\Local\Programs\Python\Python313\Lib\site-packages\selenium\webdriver\common\windows\selenium-manager.exe --browser chrome --language-binding python --output json; code: 3221225477
{}



The above exception was the direct cause of the following exception:

Traceback (most recent call last):
  File "C:\Users\Lenovo\Desktop\Prize Comparison BOT\price_comparison_bot\scrapers\flipkart_scraper.py", line 339, in <module>
    run(q)
    ~~~^^^
  File "C:\Users\Lenovo\Desktop\Prize Comparison BOT\price_comparison_bot\scrapers\flipkart_scraper.py", line 238, in run
    driver = build_driver()
  File "C:\Users\Lenovo\Desktop\Prize Comparison BOT\price_comparison_bot\scrapers\flipkart_scraper.py", line 133, in build_driver
    driver = webdriver.Chrome(options=opts)
  File "C:\Users\Lenovo\AppData\Local\Programs\Python\Python313\Lib\site-packages\selenium\webdriver\chrome\webdriver.py", line 47, in __init__
    super().__init__(
    ~~~~~~~~~~~~~~~~^
        browser_name=DesiredCapabilities.CHROME["browserName"],
        ^^^^^^^^^^^^^^^^^^^^^^^^^^^^^^^^^^^^^^^^^^^^^^^^^^^^^^^
    ...<3 lines>...
        keep_alive=keep_alive,
        ^^^^^^^^^^^^^^^^^^^^^^
    )
    ^
  File "C:\Users\Lenovo\AppData\Local\Programs\Python\Python313\Lib\site-packages\selenium\webdriver\chromium\webdriver.py", line 55, in __init__
    if finder.get_browser_path():
       ~~~~~~~~~~~~~~~~~~~~~~~^^
  File "C:\Users\Lenovo\AppData\Local\Programs\Python\Python313\Lib\site-packages\selenium\webdriver\common\driver_finder.py", line 48, in get_browser_path
    return self._binary_paths()["browser_path"]
           ~~~~~~~~~~~~~~~~~~^^
  File "C:\Users\Lenovo\AppData\Local\Programs\Python\Python313\Lib\site-packages\selenium\webdriver\common\driver_finder.py", line 79, in _binary_paths
    raise NoSuchDriverException(msg) from err
selenium.common.exceptions.NoSuchDriverException: Message: Unable to obtain driver for chrome; For documentation on this error, please visit: https://www.selenium.dev/documentation/webdriver/troubleshooting/errors/driver_location


2026-02-04 12:35:18,739 | WARNING | No output found for Flipkart
2026-02-04 12:35:18,739 | INFO | Running scraper: Amazon
2026-02-04 12:35:19,228 | ERROR | Amazon scraper failed with code 1
2026-02-04 12:35:19,228 | ERROR | Stderr: Traceback (most recent call last):
  File "C:\Users\Lenovo\AppData\Local\Programs\Python\Python313\Lib\site-packages\selenium\webdriver\common\driver_finder.py", line 68, in _binary_paths
    output = SeleniumManager().binary_paths(self._to_args())
  File "C:\Users\Lenovo\AppData\Local\Programs\Python\Python313\Lib\site-packages\selenium\webdriver\common\selenium_manager.py", line 56, in binary_paths
    return self._run(args)
           ~~~~~~~~~^^^^^^
  File "C:\Users\Lenovo\AppData\Local\Programs\Python\Python313\Lib\site-packages\selenium\webdriver\common\selenium_manager.py", line 134, in _run
    raise WebDriverException(
        f"Unsuccessful command executed: {command}; code: {completed_proc.returncode}\n{result}\n{stderr}"
    )
selenium.common.exceptions.WebDriverException: Message: Unsuccessful command executed: C:\Users\Lenovo\AppData\Local\Programs\Python\Python313\Lib\site-packages\selenium\webdriver\common\windows\selenium-manager.exe --browser chrome --language-binding python --output json; code: 3221225477
{}



The above exception was the direct cause of the following exception:

Traceback (most recent call last):
  File "C:\Users\Lenovo\Desktop\Prize Comparison BOT\price_comparison_bot\scrapers\amazon_scraper.py", line 401, in <module>
    run(q)
    ~~~^^^
  File "C:\Users\Lenovo\Desktop\Prize Comparison BOT\price_comparison_bot\scrapers\amazon_scraper.py", line 270, in run
    driver = build_driver()
  File "C:\Users\Lenovo\Desktop\Prize Comparison BOT\price_comparison_bot\scrapers\amazon_scraper.py", line 158, in build_driver
    driver = webdriver.Chrome(options=opts)
  File "C:\Users\Lenovo\AppData\Local\Programs\Python\Python313\Lib\site-packages\selenium\webdriver\chrome\webdriver.py", line 47, in __init__
    super().__init__(
    ~~~~~~~~~~~~~~~~^
        browser_name=DesiredCapabilities.CHROME["browserName"],
        ^^^^^^^^^^^^^^^^^^^^^^^^^^^^^^^^^^^^^^^^^^^^^^^^^^^^^^^
    ...<3 lines>...
        keep_alive=keep_alive,
        ^^^^^^^^^^^^^^^^^^^^^^
    )
    ^
  File "C:\Users\Lenovo\AppData\Local\Programs\Python\Python313\Lib\site-packages\selenium\webdriver\chromium\webdriver.py", line 55, in __init__
    if finder.get_browser_path():
       ~~~~~~~~~~~~~~~~~~~~~~~^^
  File "C:\Users\Lenovo\AppData\Local\Programs\Python\Python313\Lib\site-packages\selenium\webdriver\common\driver_finder.py", line 48, in get_browser_path
    return self._binary_paths()["browser_path"]
           ~~~~~~~~~~~~~~~~~~^^
  File "C:\Users\Lenovo\AppData\Local\Programs\Python\Python313\Lib\site-packages\selenium\webdriver\common\driver_finder.py", line 79, in _binary_paths
    raise NoSuchDriverException(msg) from err
selenium.common.exceptions.NoSuchDriverException: Message: Unable to obtain driver for chrome; For documentation on this error, please visit: https://www.selenium.dev/documentation/webdriver/troubleshooting/errors/driver_location


2026-02-04 12:35:19,284 | INFO | Amazon returned 5 products
2026-02-04 12:35:19,295 | INFO | Match found for Amazon: iPhone 17 Pro 256 GB: 15.93 cm (6.3\u2033) Display with Promotion up to 120Hz, A19 Pro Chip, Breakthrough Battery Life, Pro Fusion Camera System with Center Stage Front Camera; Cosmic Orange - 134900.00
2026-02-04 12:35:19,354 | INFO | Cooldown: waiting 5 seconds before next scraper...
2026-02-04 12:35:24,355 | INFO | Running scraper: Reliance
2026-02-04 12:35:24,906 | ERROR | Reliance scraper failed with code 1
2026-02-04 12:35:24,907 | ERROR | Stderr: 2026-02-04 12:35:24,805 | INFO | ===== Reliance Digital Scraper Started =====
Traceback (most recent call last):
  File "C:\Users\Lenovo\AppData\Local\Programs\Python\Python313\Lib\site-packages\selenium\webdriver\common\driver_finder.py", line 68, in _binary_paths
    output = SeleniumManager().binary_paths(self._to_args())
  File "C:\Users\Lenovo\AppData\Local\Programs\Python\Python313\Lib\site-packages\selenium\webdriver\common\selenium_manager.py", line 56, in binary_paths
    return self._run(args)
           ~~~~~~~~~^^^^^^
  File "C:\Users\Lenovo\AppData\Local\Programs\Python\Python313\Lib\site-packages\selenium\webdriver\common\selenium_manager.py", line 134, in _run
    raise WebDriverException(
        f"Unsuccessful command executed: {command}; code: {completed_proc.returncode}\n{result}\n{stderr}"
    )
selenium.common.exceptions.WebDriverException: Message: Unsuccessful command executed: C:\Users\Lenovo\AppData\Local\Programs\Python\Python313\Lib\site-packages\selenium\webdriver\common\windows\selenium-manager.exe --browser chrome --language-binding python --output json; code: 3221225477
{}



The above exception was the direct cause of the following exception:

Traceback (most recent call last):
  File "C:\Users\Lenovo\Desktop\Prize Comparison BOT\price_comparison_bot\scrapers\reliance_scraper.py", line 182, in <module>
    run(q)
    ~~~^^^
  File "C:\Users\Lenovo\Desktop\Prize Comparison BOT\price_comparison_bot\scrapers\reliance_scraper.py", line 162, in run
    driver = init_driver()
  File "C:\Users\Lenovo\Desktop\Prize Comparison BOT\price_comparison_bot\scrapers\reliance_scraper.py", line 69, in init_driver
    driver = webdriver.Chrome(options=options)
  File "C:\Users\Lenovo\AppData\Local\Programs\Python\Python313\Lib\site-packages\selenium\webdriver\chrome\webdriver.py", line 47, in __init__
    super().__init__(
    ~~~~~~~~~~~~~~~~^
        browser_name=DesiredCapabilities.CHROME["browserName"],
        ^^^^^^^^^^^^^^^^^^^^^^^^^^^^^^^^^^^^^^^^^^^^^^^^^^^^^^^
    ...<3 lines>...
        keep_alive=keep_alive,
        ^^^^^^^^^^^^^^^^^^^^^^
    )
    ^
  File "C:\Users\Lenovo\AppData\Local\Programs\Python\Python313\Lib\site-packages\selenium\webdriver\chromium\webdriver.py", line 55, in __init__
    if finder.get_browser_path():
       ~~~~~~~~~~~~~~~~~~~~~~~^^
  File "C:\Users\Lenovo\AppData\Local\Programs\Python\Python313\Lib\site-packages\selenium\webdriver\common\driver_finder.py", line 48, in get_browser_path
    return self._binary_paths()["browser_path"]
           ~~~~~~~~~~~~~~~~~~^^
  File "C:\Users\Lenovo\AppData\Local\Programs\Python\Python313\Lib\site-packages\selenium\webdriver\common\driver_finder.py", line 79, in _binary_paths
    raise NoSuchDriverException(msg) from err
selenium.common.exceptions.NoSuchDriverException: Message: Unable to obtain driver for chrome; For documentation on this error, please visit: https://www.selenium.dev/documentation/webdriver/troubleshooting/errors/driver_location


2026-02-04 12:35:24,909 | INFO | Reliance returned 5 products
2026-02-04 12:35:24,910 | INFO | Match found for Reliance: Apple iPhone 17 Pro 256 GB, Cosmic Orange - 134900.00
2026-02-04 12:35:24,910 | INFO | Cooldown: waiting 5 seconds before next scraper...
2026-02-04 12:35:29,910 | INFO | Running scraper: Croma
2026-02-04 12:35:32,905 | INFO | Croma scraper completed successfully
2026-02-04 12:35:32,906 | INFO | Croma returned 5 products
2026-02-04 12:35:32,906 | INFO | Match found for Croma: Apple iPhone 17 Pro (256GB, Silver) - 134900.00
2026-02-04 12:35:32,906 | INFO | Cooldown: waiting 5 seconds before next scraper...
2026-02-04 12:35:37,907 | INFO | Recommended Product: iPhone 17 Pro 256 GB: 15.93 cm (6.3\u2033) Display with Promotion up to 120Hz, A19 Pro Chip, Breakthrough Battery Life, Pro Fusion Camera System with Center Stage Front Camera; Cosmic Orange from Amazon at 134900.00
2026-02-04 12:37:59,289 | INFO | Starting orchestration for query: 'iPhone 17 Pro'
2026-02-04 12:37:59,290 | INFO | Running scraper: Flipkart
2026-02-04 12:37:59,798 | ERROR | Flipkart scraper failed with code 1
2026-02-04 12:37:59,798 | ERROR | Stderr: Traceback (most recent call last):
  File "C:\Users\Lenovo\AppData\Local\Programs\Python\Python313\Lib\site-packages\selenium\webdriver\common\driver_finder.py", line 68, in _binary_paths
    output = SeleniumManager().binary_paths(self._to_args())
  File "C:\Users\Lenovo\AppData\Local\Programs\Python\Python313\Lib\site-packages\selenium\webdriver\common\selenium_manager.py", line 56, in binary_paths
    return self._run(args)
           ~~~~~~~~~^^^^^^
  File "C:\Users\Lenovo\AppData\Local\Programs\Python\Python313\Lib\site-packages\selenium\webdriver\common\selenium_manager.py", line 134, in _run
    raise WebDriverException(
        f"Unsuccessful command executed: {command}; code: {completed_proc.returncode}\n{result}\n{stderr}"
    )
selenium.common.exceptions.WebDriverException: Message: Unsuccessful command executed: C:\Users\Lenovo\AppData\Local\Programs\Python\Python313\Lib\site-packages\selenium\webdriver\common\windows\selenium-manager.exe --browser chrome --language-binding python --output json; code: 3221225477
{}



The above exception was the direct cause of the following exception:

Traceback (most recent call last):
  File "C:\Users\Lenovo\Desktop\Prize Comparison BOT\price_comparison_bot\scrapers\flipkart_scraper.py", line 339, in <module>
    run(q)
    ~~~^^^
  File "C:\Users\Lenovo\Desktop\Prize Comparison BOT\price_comparison_bot\scrapers\flipkart_scraper.py", line 238, in run
    driver = build_driver()
  File "C:\Users\Lenovo\Desktop\Prize Comparison BOT\price_comparison_bot\scrapers\flipkart_scraper.py", line 133, in build_driver
    driver = webdriver.Chrome(options=opts)
  File "C:\Users\Lenovo\AppData\Local\Programs\Python\Python313\Lib\site-packages\selenium\webdriver\chrome\webdriver.py", line 47, in __init__
    super().__init__(
    ~~~~~~~~~~~~~~~~^
        browser_name=DesiredCapabilities.CHROME["browserName"],
        ^^^^^^^^^^^^^^^^^^^^^^^^^^^^^^^^^^^^^^^^^^^^^^^^^^^^^^^
    ...<3 lines>...
        keep_alive=keep_alive,
        ^^^^^^^^^^^^^^^^^^^^^^
    )
    ^
  File "C:\Users\Lenovo\AppData\Local\Programs\Python\Python313\Lib\site-packages\selenium\webdriver\chromium\webdriver.py", line 55, in __init__
    if finder.get_browser_path():
       ~~~~~~~~~~~~~~~~~~~~~~~^^
  File "C:\Users\Lenovo\AppData\Local\Programs\Python\Python313\Lib\site-packages\selenium\webdriver\common\driver_finder.py", line 48, in get_browser_path
    return self._binary_paths()["browser_path"]
           ~~~~~~~~~~~~~~~~~~^^
  File "C:\Users\Lenovo\AppData\Local\Programs\Python\Python313\Lib\site-packages\selenium\webdriver\common\driver_finder.py", line 79, in _binary_paths
    raise NoSuchDriverException(msg) from err
selenium.common.exceptions.NoSuchDriverException: Message: Unable to obtain driver for chrome; For documentation on this error, please visit: https://www.selenium.dev/documentation/webdriver/troubleshooting/errors/driver_location


2026-02-04 12:37:59,799 | WARNING | No output found for Flipkart
2026-02-04 12:37:59,799 | INFO | Running scraper: Amazon
2026-02-04 12:38:00,275 | ERROR | Amazon scraper failed with code 1
2026-02-04 12:38:00,275 | ERROR | Stderr: Traceback (most recent call last):
  File "C:\Users\Lenovo\AppData\Local\Programs\Python\Python313\Lib\site-packages\selenium\webdriver\common\driver_finder.py", line 68, in _binary_paths
    output = SeleniumManager().binary_paths(self._to_args())
  File "C:\Users\Lenovo\AppData\Local\Programs\Python\Python313\Lib\site-packages\selenium\webdriver\common\selenium_manager.py", line 56, in binary_paths
    return self._run(args)
           ~~~~~~~~~^^^^^^
  File "C:\Users\Lenovo\AppData\Local\Programs\Python\Python313\Lib\site-packages\selenium\webdriver\common\selenium_manager.py", line 134, in _run
    raise WebDriverException(
        f"Unsuccessful command executed: {command}; code: {completed_proc.returncode}\n{result}\n{stderr}"
    )
selenium.common.exceptions.WebDriverException: Message: Unsuccessful command executed: C:\Users\Lenovo\AppData\Local\Programs\Python\Python313\Lib\site-packages\selenium\webdriver\common\windows\selenium-manager.exe --browser chrome --language-binding python --output json; code: 3221225477
{}



The above exception was the direct cause of the following exception:

Traceback (most recent call last):
  File "C:\Users\Lenovo\Desktop\Prize Comparison BOT\price_comparison_bot\scrapers\amazon_scraper.py", line 401, in <module>
    run(q)
    ~~~^^^
  File "C:\Users\Lenovo\Desktop\Prize Comparison BOT\price_comparison_bot\scrapers\amazon_scraper.py", line 270, in run
    driver = build_driver()
  File "C:\Users\Lenovo\Desktop\Prize Comparison BOT\price_comparison_bot\scrapers\amazon_scraper.py", line 158, in build_driver
    driver = webdriver.Chrome(options=opts)
  File "C:\Users\Lenovo\AppData\Local\Programs\Python\Python313\Lib\site-packages\selenium\webdriver\chrome\webdriver.py", line 47, in __init__
    super().__init__(
    ~~~~~~~~~~~~~~~~^
        browser_name=DesiredCapabilities.CHROME["browserName"],
        ^^^^^^^^^^^^^^^^^^^^^^^^^^^^^^^^^^^^^^^^^^^^^^^^^^^^^^^
    ...<3 lines>...
        keep_alive=keep_alive,
        ^^^^^^^^^^^^^^^^^^^^^^
    )
    ^
  File "C:\Users\Lenovo\AppData\Local\Programs\Python\Python313\Lib\site-packages\selenium\webdriver\chromium\webdriver.py", line 55, in __init__
    if finder.get_browser_path():
       ~~~~~~~~~~~~~~~~~~~~~~~^^
  File "C:\Users\Lenovo\AppData\Local\Programs\Python\Python313\Lib\site-packages\selenium\webdriver\common\driver_finder.py", line 48, in get_browser_path
    return self._binary_paths()["browser_path"]
           ~~~~~~~~~~~~~~~~~~^^
  File "C:\Users\Lenovo\AppData\Local\Programs\Python\Python313\Lib\site-packages\selenium\webdriver\common\driver_finder.py", line 79, in _binary_paths
    raise NoSuchDriverException(msg) from err
selenium.common.exceptions.NoSuchDriverException: Message: Unable to obtain driver for chrome; For documentation on this error, please visit: https://www.selenium.dev/documentation/webdriver/troubleshooting/errors/driver_location


2026-02-04 12:38:00,276 | INFO | Amazon returned 5 products
2026-02-04 12:38:00,276 | INFO | Match found for Amazon: iPhone 17 Pro 256 GB: 15.93 cm (6.3\u2033) Display with Promotion up to 120Hz, A19 Pro Chip, Breakthrough Battery Life, Pro Fusion Camera System with Center Stage Front Camera; Cosmic Orange - 134900.00
2026-02-04 12:38:00,276 | INFO | Cooldown: waiting 5 seconds before next scraper...
2026-02-04 12:38:05,277 | INFO | Running scraper: Reliance
2026-02-04 12:38:05,739 | ERROR | Reliance scraper failed with code 1
2026-02-04 12:38:05,739 | ERROR | Stderr: 2026-02-04 12:38:05,673 | INFO | ===== Reliance Digital Scraper Started =====
Traceback (most recent call last):
  File "C:\Users\Lenovo\AppData\Local\Programs\Python\Python313\Lib\site-packages\selenium\webdriver\common\driver_finder.py", line 68, in _binary_paths
    output = SeleniumManager().binary_paths(self._to_args())
  File "C:\Users\Lenovo\AppData\Local\Programs\Python\Python313\Lib\site-packages\selenium\webdriver\common\selenium_manager.py", line 56, in binary_paths
    return self._run(args)
           ~~~~~~~~~^^^^^^
  File "C:\Users\Lenovo\AppData\Local\Programs\Python\Python313\Lib\site-packages\selenium\webdriver\common\selenium_manager.py", line 134, in _run
    raise WebDriverException(
        f"Unsuccessful command executed: {command}; code: {completed_proc.returncode}\n{result}\n{stderr}"
    )
selenium.common.exceptions.WebDriverException: Message: Unsuccessful command executed: C:\Users\Lenovo\AppData\Local\Programs\Python\Python313\Lib\site-packages\selenium\webdriver\common\windows\selenium-manager.exe --browser chrome --language-binding python --output json; code: 3221225477
{}



The above exception was the direct cause of the following exception:

Traceback (most recent call last):
  File "C:\Users\Lenovo\Desktop\Prize Comparison BOT\price_comparison_bot\scrapers\reliance_scraper.py", line 182, in <module>
    run(q)
    ~~~^^^
  File "C:\Users\Lenovo\Desktop\Prize Comparison BOT\price_comparison_bot\scrapers\reliance_scraper.py", line 162, in run
    driver = init_driver()
  File "C:\Users\Lenovo\Desktop\Prize Comparison BOT\price_comparison_bot\scrapers\reliance_scraper.py", line 69, in init_driver
    driver = webdriver.Chrome(options=options)
  File "C:\Users\Lenovo\AppData\Local\Programs\Python\Python313\Lib\site-packages\selenium\webdriver\chrome\webdriver.py", line 47, in __init__
    super().__init__(
    ~~~~~~~~~~~~~~~~^
        browser_name=DesiredCapabilities.CHROME["browserName"],
        ^^^^^^^^^^^^^^^^^^^^^^^^^^^^^^^^^^^^^^^^^^^^^^^^^^^^^^^
    ...<3 lines>...
        keep_alive=keep_alive,
        ^^^^^^^^^^^^^^^^^^^^^^
    )
    ^
  File "C:\Users\Lenovo\AppData\Local\Programs\Python\Python313\Lib\site-packages\selenium\webdriver\chromium\webdriver.py", line 55, in __init__
    if finder.get_browser_path():
       ~~~~~~~~~~~~~~~~~~~~~~~^^
  File "C:\Users\Lenovo\AppData\Local\Programs\Python\Python313\Lib\site-packages\selenium\webdriver\common\driver_finder.py", line 48, in get_browser_path
    return self._binary_paths()["browser_path"]
           ~~~~~~~~~~~~~~~~~~^^
  File "C:\Users\Lenovo\AppData\Local\Programs\Python\Python313\Lib\site-packages\selenium\webdriver\common\driver_finder.py", line 79, in _binary_paths
    raise NoSuchDriverException(msg) from err
selenium.common.exceptions.NoSuchDriverException: Message: Unable to obtain driver for chrome; For documentation on this error, please visit: https://www.selenium.dev/documentation/webdriver/troubleshooting/errors/driver_location


2026-02-04 12:38:05,739 | INFO | Reliance returned 5 products
2026-02-04 12:38:05,740 | INFO | Match found for Reliance: Apple iPhone 17 Pro 256 GB, Cosmic Orange - 134900.00
2026-02-04 12:38:05,740 | INFO | Cooldown: waiting 5 seconds before next scraper...
2026-02-04 12:38:10,740 | INFO | Running scraper: Croma
2026-02-04 12:38:11,683 | INFO | Croma scraper completed successfully
2026-02-04 12:38:11,684 | INFO | Croma returned 5 products
2026-02-04 12:38:11,684 | INFO | Match found for Croma: Apple iPhone 17 Pro (256GB, Silver) - 134900.00
2026-02-04 12:38:11,684 | INFO | Cooldown: waiting 5 seconds before next scraper...
2026-02-04 12:38:16,685 | INFO | Recommended Product: iPhone 17 Pro 256 GB: 15.93 cm (6.3\u2033) Display with Promotion up to 120Hz, A19 Pro Chip, Breakthrough Battery Life, Pro Fusion Camera System with Center Stage Front Camera; Cosmic Orange from Amazon at 134900.00
2026-02-04 12:39:14,809 | INFO | Starting orchestration for query: 'iPhone 17 Pro'
2026-02-04 12:39:14,809 | INFO | Running scraper: Flipkart
2026-02-04 12:39:15,352 | ERROR | Flipkart scraper failed with code 1
2026-02-04 12:39:15,352 | ERROR | Stderr: Traceback (most recent call last):
  File "C:\Users\Lenovo\AppData\Local\Programs\Python\Python313\Lib\site-packages\selenium\webdriver\common\driver_finder.py", line 68, in _binary_paths
    output = SeleniumManager().binary_paths(self._to_args())
  File "C:\Users\Lenovo\AppData\Local\Programs\Python\Python313\Lib\site-packages\selenium\webdriver\common\selenium_manager.py", line 56, in binary_paths
    return self._run(args)
           ~~~~~~~~~^^^^^^
  File "C:\Users\Lenovo\AppData\Local\Programs\Python\Python313\Lib\site-packages\selenium\webdriver\common\selenium_manager.py", line 134, in _run
    raise WebDriverException(
        f"Unsuccessful command executed: {command}; code: {completed_proc.returncode}\n{result}\n{stderr}"
    )
selenium.common.exceptions.WebDriverException: Message: Unsuccessful command executed: C:\Users\Lenovo\AppData\Local\Programs\Python\Python313\Lib\site-packages\selenium\webdriver\common\windows\selenium-manager.exe --browser chrome --language-binding python --output json; code: 3221225477
{}



The above exception was the direct cause of the following exception:

Traceback (most recent call last):
  File "C:\Users\Lenovo\Desktop\Prize Comparison BOT\price_comparison_bot\scrapers\flipkart_scraper.py", line 339, in <module>
    run(q)
    ~~~^^^
  File "C:\Users\Lenovo\Desktop\Prize Comparison BOT\price_comparison_bot\scrapers\flipkart_scraper.py", line 238, in run
    driver = build_driver()
  File "C:\Users\Lenovo\Desktop\Prize Comparison BOT\price_comparison_bot\scrapers\flipkart_scraper.py", line 133, in build_driver
    driver = webdriver.Chrome(options=opts)
  File "C:\Users\Lenovo\AppData\Local\Programs\Python\Python313\Lib\site-packages\selenium\webdriver\chrome\webdriver.py", line 47, in __init__
    super().__init__(
    ~~~~~~~~~~~~~~~~^
        browser_name=DesiredCapabilities.CHROME["browserName"],
        ^^^^^^^^^^^^^^^^^^^^^^^^^^^^^^^^^^^^^^^^^^^^^^^^^^^^^^^
    ...<3 lines>...
        keep_alive=keep_alive,
        ^^^^^^^^^^^^^^^^^^^^^^
    )
    ^
  File "C:\Users\Lenovo\AppData\Local\Programs\Python\Python313\Lib\site-packages\selenium\webdriver\chromium\webdriver.py", line 55, in __init__
    if finder.get_browser_path():
       ~~~~~~~~~~~~~~~~~~~~~~~^^
  File "C:\Users\Lenovo\AppData\Local\Programs\Python\Python313\Lib\site-packages\selenium\webdriver\common\driver_finder.py", line 48, in get_browser_path
    return self._binary_paths()["browser_path"]
           ~~~~~~~~~~~~~~~~~~^^
  File "C:\Users\Lenovo\AppData\Local\Programs\Python\Python313\Lib\site-packages\selenium\webdriver\common\driver_finder.py", line 79, in _binary_paths
    raise NoSuchDriverException(msg) from err
selenium.common.exceptions.NoSuchDriverException: Message: Unable to obtain driver for chrome; For documentation on this error, please visit: https://www.selenium.dev/documentation/webdriver/troubleshooting/errors/driver_location


2026-02-04 12:39:15,353 | WARNING | No output found for Flipkart
2026-02-04 12:39:15,353 | INFO | Running scraper: Amazon
2026-02-04 12:39:15,795 | ERROR | Amazon scraper failed with code 1
2026-02-04 12:39:15,795 | ERROR | Stderr: Traceback (most recent call last):
  File "C:\Users\Lenovo\AppData\Local\Programs\Python\Python313\Lib\site-packages\selenium\webdriver\common\driver_finder.py", line 68, in _binary_paths
    output = SeleniumManager().binary_paths(self._to_args())
  File "C:\Users\Lenovo\AppData\Local\Programs\Python\Python313\Lib\site-packages\selenium\webdriver\common\selenium_manager.py", line 56, in binary_paths
    return self._run(args)
           ~~~~~~~~~^^^^^^
  File "C:\Users\Lenovo\AppData\Local\Programs\Python\Python313\Lib\site-packages\selenium\webdriver\common\selenium_manager.py", line 134, in _run
    raise WebDriverException(
        f"Unsuccessful command executed: {command}; code: {completed_proc.returncode}\n{result}\n{stderr}"
    )
selenium.common.exceptions.WebDriverException: Message: Unsuccessful command executed: C:\Users\Lenovo\AppData\Local\Programs\Python\Python313\Lib\site-packages\selenium\webdriver\common\windows\selenium-manager.exe --browser chrome --language-binding python --output json; code: 3221225477
{}



The above exception was the direct cause of the following exception:

Traceback (most recent call last):
  File "C:\Users\Lenovo\Desktop\Prize Comparison BOT\price_comparison_bot\scrapers\amazon_scraper.py", line 401, in <module>
    run(q)
    ~~~^^^
  File "C:\Users\Lenovo\Desktop\Prize Comparison BOT\price_comparison_bot\scrapers\amazon_scraper.py", line 270, in run
    driver = build_driver()
  File "C:\Users\Lenovo\Desktop\Prize Comparison BOT\price_comparison_bot\scrapers\amazon_scraper.py", line 158, in build_driver
    driver = webdriver.Chrome(options=opts)
  File "C:\Users\Lenovo\AppData\Local\Programs\Python\Python313\Lib\site-packages\selenium\webdriver\chrome\webdriver.py", line 47, in __init__
    super().__init__(
    ~~~~~~~~~~~~~~~~^
        browser_name=DesiredCapabilities.CHROME["browserName"],
        ^^^^^^^^^^^^^^^^^^^^^^^^^^^^^^^^^^^^^^^^^^^^^^^^^^^^^^^
    ...<3 lines>...
        keep_alive=keep_alive,
        ^^^^^^^^^^^^^^^^^^^^^^
    )
    ^
  File "C:\Users\Lenovo\AppData\Local\Programs\Python\Python313\Lib\site-packages\selenium\webdriver\chromium\webdriver.py", line 55, in __init__
    if finder.get_browser_path():
       ~~~~~~~~~~~~~~~~~~~~~~~^^
  File "C:\Users\Lenovo\AppData\Local\Programs\Python\Python313\Lib\site-packages\selenium\webdriver\common\driver_finder.py", line 48, in get_browser_path
    return self._binary_paths()["browser_path"]
           ~~~~~~~~~~~~~~~~~~^^
  File "C:\Users\Lenovo\AppData\Local\Programs\Python\Python313\Lib\site-packages\selenium\webdriver\common\driver_finder.py", line 79, in _binary_paths
    raise NoSuchDriverException(msg) from err
selenium.common.exceptions.NoSuchDriverException: Message: Unable to obtain driver for chrome; For documentation on this error, please visit: https://www.selenium.dev/documentation/webdriver/troubleshooting/errors/driver_location


2026-02-04 12:39:15,796 | INFO | Amazon returned 5 products
2026-02-04 12:39:15,796 | INFO | Match found for Amazon: iPhone 17 Pro 256 GB: 15.93 cm (6.3\u2033) Display with Promotion up to 120Hz, A19 Pro Chip, Breakthrough Battery Life, Pro Fusion Camera System with Center Stage Front Camera; Cosmic Orange - 134900.00
2026-02-04 12:39:15,796 | INFO | Cooldown: waiting 5 seconds before next scraper...
2026-02-04 12:39:20,797 | INFO | Running scraper: Reliance
2026-02-04 12:39:21,248 | ERROR | Reliance scraper failed with code 1
2026-02-04 12:39:21,249 | ERROR | Stderr: 2026-02-04 12:39:21,184 | INFO | ===== Reliance Digital Scraper Started =====
Traceback (most recent call last):
  File "C:\Users\Lenovo\AppData\Local\Programs\Python\Python313\Lib\site-packages\selenium\webdriver\common\driver_finder.py", line 68, in _binary_paths
    output = SeleniumManager().binary_paths(self._to_args())
  File "C:\Users\Lenovo\AppData\Local\Programs\Python\Python313\Lib\site-packages\selenium\webdriver\common\selenium_manager.py", line 56, in binary_paths
    return self._run(args)
           ~~~~~~~~~^^^^^^
  File "C:\Users\Lenovo\AppData\Local\Programs\Python\Python313\Lib\site-packages\selenium\webdriver\common\selenium_manager.py", line 134, in _run
    raise WebDriverException(
        f"Unsuccessful command executed: {command}; code: {completed_proc.returncode}\n{result}\n{stderr}"
    )
selenium.common.exceptions.WebDriverException: Message: Unsuccessful command executed: C:\Users\Lenovo\AppData\Local\Programs\Python\Python313\Lib\site-packages\selenium\webdriver\common\windows\selenium-manager.exe --browser chrome --language-binding python --output json; code: 3221225477
{}



The above exception was the direct cause of the following exception:

Traceback (most recent call last):
  File "C:\Users\Lenovo\Desktop\Prize Comparison BOT\price_comparison_bot\scrapers\reliance_scraper.py", line 182, in <module>
    run(q)
    ~~~^^^
  File "C:\Users\Lenovo\Desktop\Prize Comparison BOT\price_comparison_bot\scrapers\reliance_scraper.py", line 162, in run
    driver = init_driver()
  File "C:\Users\Lenovo\Desktop\Prize Comparison BOT\price_comparison_bot\scrapers\reliance_scraper.py", line 69, in init_driver
    driver = webdriver.Chrome(options=options)
  File "C:\Users\Lenovo\AppData\Local\Programs\Python\Python313\Lib\site-packages\selenium\webdriver\chrome\webdriver.py", line 47, in __init__
    super().__init__(
    ~~~~~~~~~~~~~~~~^
        browser_name=DesiredCapabilities.CHROME["browserName"],
        ^^^^^^^^^^^^^^^^^^^^^^^^^^^^^^^^^^^^^^^^^^^^^^^^^^^^^^^
    ...<3 lines>...
        keep_alive=keep_alive,
        ^^^^^^^^^^^^^^^^^^^^^^
    )
    ^
  File "C:\Users\Lenovo\AppData\Local\Programs\Python\Python313\Lib\site-packages\selenium\webdriver\chromium\webdriver.py", line 55, in __init__
    if finder.get_browser_path():
       ~~~~~~~~~~~~~~~~~~~~~~~^^
  File "C:\Users\Lenovo\AppData\Local\Programs\Python\Python313\Lib\site-packages\selenium\webdriver\common\driver_finder.py", line 48, in get_browser_path
    return self._binary_paths()["browser_path"]
           ~~~~~~~~~~~~~~~~~~^^
  File "C:\Users\Lenovo\AppData\Local\Programs\Python\Python313\Lib\site-packages\selenium\webdriver\common\driver_finder.py", line 79, in _binary_paths
    raise NoSuchDriverException(msg) from err
selenium.common.exceptions.NoSuchDriverException: Message: Unable to obtain driver for chrome; For documentation on this error, please visit: https://www.selenium.dev/documentation/webdriver/troubleshooting/errors/driver_location


2026-02-04 12:39:21,249 | INFO | Reliance returned 5 products
2026-02-04 12:39:21,249 | INFO | Match found for Reliance: Apple iPhone 17 Pro 256 GB, Cosmic Orange - 134900.00
2026-02-04 12:39:21,249 | INFO | Cooldown: waiting 5 seconds before next scraper...
2026-02-04 12:39:26,250 | INFO | Running scraper: Croma
2026-02-04 12:39:27,111 | INFO | Croma scraper completed successfully
2026-02-04 12:39:27,112 | INFO | Croma returned 5 products
2026-02-04 12:39:27,112 | INFO | Match found for Croma: Apple iPhone 17 Pro (256GB, Silver) - 134900.00
2026-02-04 12:39:27,112 | INFO | Cooldown: waiting 5 seconds before next scraper...
2026-02-04 12:39:32,113 | INFO | Recommended Product: iPhone 17 Pro 256 GB: 15.93 cm (6.3\u2033) Display with Promotion up to 120Hz, A19 Pro Chip, Breakthrough Battery Life, Pro Fusion Camera System with Center Stage Front Camera; Cosmic Orange from Amazon at 134900.00
2026-02-04 12:42:58,691 | INFO | Starting orchestration for query: 'iPhone 17 Pro'
2026-02-04 12:42:58,691 | INFO | Running scraper: Flipkart
2026-02-04 12:44:16,000 | ERROR | Flipkart scraper failed with code 1
2026-02-04 12:44:16,000 | ERROR | Stderr: 2026-02-04 12:42:59,490 | INFO | ====== WebDriver manager ======
2026-02-04 12:43:12,181 | INFO | Get LATEST chromedriver version for google-chrome
2026-02-04 12:43:12,766 | INFO | Get LATEST chromedriver version for google-chrome
2026-02-04 12:43:13,334 | INFO | There is no [win64] chromedriver "144.0.7559.133" for browser google-chrome "144.0.7559" in cache
2026-02-04 12:43:13,334 | INFO | Get LATEST chromedriver version for google-chrome
2026-02-04 12:43:14,606 | INFO | WebDriver version 144.0.7559.133 selected
2026-02-04 12:43:14,618 | INFO | Modern chrome version https://storage.googleapis.com/chrome-for-testing-public/144.0.7559.133/win32/chromedriver-win32.zip
2026-02-04 12:43:14,619 | INFO | About to download new driver from https://storage.googleapis.com/chrome-for-testing-public/144.0.7559.133/win32/chromedriver-win32.zip
2026-02-04 12:43:15,189 | INFO | Driver downloading response is 200
2026-02-04 12:43:23,740 | INFO | Get LATEST chromedriver version for google-chrome
2026-02-04 12:43:24,482 | INFO | Driver has been saved in cache [C:\Users\Lenovo\.wdm\drivers\chromedriver\win64\144.0.7559.133]
C:\Users\Lenovo\Desktop\Prize Comparison BOT\price_comparison_bot\scrapers\flipkart_scraper.py:246: DeprecationWarning: datetime.datetime.utcnow() is deprecated and scheduled for removal in a future version. Use timezone-aware objects to represent datetimes in UTC: datetime.datetime.now(datetime.UTC).
  "search_time": datetime.utcnow().isoformat(),
2026-02-04 12:43:39,089 | INFO | Opening Flipkart homepage
2026-02-04 12:43:57,137 | ERROR | HARD STOP: Risk detected on homepage
2026-02-04 12:44:03,605 | WARNING | Retrying (Retry(total=2, connect=None, read=None, redirect=None, status=None)) after connection broken by 'NewConnectionError('<urllib3.connection.HTTPConnection object at 0x0000021A211B1450>: Failed to establish a new connection: [WinError 10061] No connection could be made because the target machine actively refused it')': /session/e0fc90e4a82c8906355db73d4d85e20c
2026-02-04 12:44:07,688 | WARNING | Retrying (Retry(total=1, connect=None, read=None, redirect=None, status=None)) after connection broken by 'NewConnectionError('<urllib3.connection.HTTPConnection object at 0x0000021A211B1F90>: Failed to establish a new connection: [WinError 10061] No connection could be made because the target machine actively refused it')': /session/e0fc90e4a82c8906355db73d4d85e20c
2026-02-04 12:44:11,808 | WARNING | Retrying (Retry(total=0, connect=None, read=None, redirect=None, status=None)) after connection broken by 'NewConnectionError('<urllib3.connection.HTTPConnection object at 0x0000021A211C8FC0>: Failed to establish a new connection: [WinError 10061] No connection could be made because the target machine actively refused it')': /session/e0fc90e4a82c8906355db73d4d85e20c
Risk detected on homepage

2026-02-04 12:44:16,001 | WARNING | No output found for Flipkart
2026-02-04 12:44:16,001 | INFO | Running scraper: Amazon
2026-02-04 12:44:21,334 | ERROR | Amazon scraper failed with code 1
2026-02-04 12:44:21,335 | ERROR | Stderr: 2026-02-04 12:44:16,493 | INFO | ====== WebDriver manager ======
2026-02-04 12:44:17,515 | INFO | Get LATEST chromedriver version for google-chrome
2026-02-04 12:44:18,166 | INFO | Get LATEST chromedriver version for google-chrome
2026-02-04 12:44:19,156 | INFO | Driver [C:\Users\Lenovo\.wdm\drivers\chromedriver\win64\144.0.7559.133\chromedriver-win32/chromedriver.exe] found in cache
Traceback (most recent call last):
  File "C:\Users\Lenovo\Desktop\Prize Comparison BOT\price_comparison_bot\scrapers\amazon_scraper.py", line 403, in <module>
    run(q)
    ~~~^^^
  File "C:\Users\Lenovo\Desktop\Prize Comparison BOT\price_comparison_bot\scrapers\amazon_scraper.py", line 272, in run
    driver = build_driver()
  File "C:\Users\Lenovo\Desktop\Prize Comparison BOT\price_comparison_bot\scrapers\amazon_scraper.py", line 160, in build_driver
    driver = webdriver.Chrome(service=service, options=opts)
  File "C:\Users\Lenovo\AppData\Local\Programs\Python\Python313\Lib\site-packages\selenium\webdriver\chrome\webdriver.py", line 47, in __init__
    super().__init__(
    ~~~~~~~~~~~~~~~~^
        browser_name=DesiredCapabilities.CHROME["browserName"],
        ^^^^^^^^^^^^^^^^^^^^^^^^^^^^^^^^^^^^^^^^^^^^^^^^^^^^^^^
    ...<3 lines>...
        keep_alive=keep_alive,
        ^^^^^^^^^^^^^^^^^^^^^^
    )
    ^
  File "C:\Users\Lenovo\AppData\Local\Programs\Python\Python313\Lib\site-packages\selenium\webdriver\chromium\webdriver.py", line 60, in __init__
    self.service.start()
    ~~~~~~~~~~~~~~~~~~^^
  File "C:\Users\Lenovo\AppData\Local\Programs\Python\Python313\Lib\site-packages\selenium\webdriver\common\service.py", line 110, in start
    self.assert_process_still_running()
    ~~~~~~~~~~~~~~~~~~~~~~~~~~~~~~~~~^^
  File "C:\Users\Lenovo\AppData\Local\Programs\Python\Python313\Lib\site-packages\selenium\webdriver\common\service.py", line 123, in assert_process_still_running
    raise WebDriverException(f"Service {self._path} unexpectedly exited. Status code was: {return_code}")
selenium.common.exceptions.WebDriverException: Message: Service C:\Users\Lenovo\.wdm\drivers\chromedriver\win64\144.0.7559.133\chromedriver-win32/chromedriver.exe unexpectedly exited. Status code was: 3221225595


2026-02-04 12:44:21,335 | INFO | Amazon returned 5 products
2026-02-04 12:44:21,336 | INFO | Match found for Amazon: iPhone 17 Pro 256 GB: 15.93 cm (6.3\u2033) Display with Promotion up to 120Hz, A19 Pro Chip, Breakthrough Battery Life, Pro Fusion Camera System with Center Stage Front Camera; Cosmic Orange - 134900.00
2026-02-04 12:44:21,336 | INFO | Cooldown: waiting 5 seconds before next scraper...
2026-02-04 12:44:26,337 | INFO | Running scraper: Reliance
2026-02-04 12:44:31,293 | ERROR | Reliance scraper failed with code 1
2026-02-04 12:44:31,293 | ERROR | Stderr: 2026-02-04 12:44:26,801 | INFO | ===== Reliance Digital Scraper Started =====
Traceback (most recent call last):
  File "C:\Users\Lenovo\Desktop\Prize Comparison BOT\price_comparison_bot\scrapers\reliance_scraper.py", line 184, in <module>
    run(q)
    ~~~^^^
  File "C:\Users\Lenovo\Desktop\Prize Comparison BOT\price_comparison_bot\scrapers\reliance_scraper.py", line 164, in run
    driver = init_driver()
  File "C:\Users\Lenovo\Desktop\Prize Comparison BOT\price_comparison_bot\scrapers\reliance_scraper.py", line 71, in init_driver
    driver = webdriver.Chrome(service=service, options=options)
  File "C:\Users\Lenovo\AppData\Local\Programs\Python\Python313\Lib\site-packages\selenium\webdriver\chrome\webdriver.py", line 47, in __init__
    super().__init__(
    ~~~~~~~~~~~~~~~~^
        browser_name=DesiredCapabilities.CHROME["browserName"],
        ^^^^^^^^^^^^^^^^^^^^^^^^^^^^^^^^^^^^^^^^^^^^^^^^^^^^^^^
    ...<3 lines>...
        keep_alive=keep_alive,
        ^^^^^^^^^^^^^^^^^^^^^^
    )
    ^
  File "C:\Users\Lenovo\AppData\Local\Programs\Python\Python313\Lib\site-packages\selenium\webdriver\chromium\webdriver.py", line 60, in __init__
    self.service.start()
    ~~~~~~~~~~~~~~~~~~^^
  File "C:\Users\Lenovo\AppData\Local\Programs\Python\Python313\Lib\site-packages\selenium\webdriver\common\service.py", line 110, in start
    self.assert_process_still_running()
    ~~~~~~~~~~~~~~~~~~~~~~~~~~~~~~~~~^^
  File "C:\Users\Lenovo\AppData\Local\Programs\Python\Python313\Lib\site-packages\selenium\webdriver\common\service.py", line 123, in assert_process_still_running
    raise WebDriverException(f"Service {self._path} unexpectedly exited. Status code was: {return_code}")
selenium.common.exceptions.WebDriverException: Message: Service C:\Users\Lenovo\.wdm\drivers\chromedriver\win64\144.0.7559.133\chromedriver-win32/chromedriver.exe unexpectedly exited. Status code was: 3221225595


2026-02-04 12:44:31,294 | INFO | Reliance returned 5 products
2026-02-04 12:44:31,294 | INFO | Match found for Reliance: Apple iPhone 17 Pro 256 GB, Cosmic Orange - 134900.00
2026-02-04 12:44:31,294 | INFO | Cooldown: waiting 5 seconds before next scraper...
2026-02-04 12:44:36,294 | INFO | Running scraper: Croma
2026-02-04 12:44:37,155 | INFO | Croma scraper completed successfully
2026-02-04 12:44:37,155 | INFO | Croma returned 5 products
2026-02-04 12:44:37,155 | INFO | Match found for Croma: Apple iPhone 17 Pro (256GB, Silver) - 134900.00
2026-02-04 12:44:37,155 | INFO | Cooldown: waiting 5 seconds before next scraper...
2026-02-04 12:44:42,156 | INFO | Recommended Product: iPhone 17 Pro 256 GB: 15.93 cm (6.3\u2033) Display with Promotion up to 120Hz, A19 Pro Chip, Breakthrough Battery Life, Pro Fusion Camera System with Center Stage Front Camera; Cosmic Orange from Amazon at 134900.00
2026-02-04 12:53:59,523 | INFO | Starting orchestration for query: 'iPhone 17 Pro'
2026-02-04 12:53:59,523 | INFO | Running scraper: Flipkart
2026-02-04 12:54:38,475 | ERROR | Flipkart scraper failed with code 1
2026-02-04 12:54:38,475 | ERROR | Stderr: C:\Users\Lenovo\Desktop\Prize Comparison BOT\price_comparison_bot\scrapers\flipkart_scraper.py:246: DeprecationWarning: datetime.datetime.utcnow() is deprecated and scheduled for removal in a future version. Use timezone-aware objects to represent datetimes in UTC: datetime.datetime.now(datetime.UTC).
  "search_time": datetime.utcnow().isoformat(),
2026-02-04 12:54:01,998 | INFO | Opening Flipkart homepage
2026-02-04 12:54:19,763 | ERROR | HARD STOP: Risk detected on homepage
2026-02-04 12:54:26,174 | WARNING | Retrying (Retry(total=2, connect=None, read=None, redirect=None, status=None)) after connection broken by 'NewConnectionError('<urllib3.connection.HTTPConnection object at 0x000002931718CA50>: Failed to establish a new connection: [WinError 10061] No connection could be made because the target machine actively refused it')': /session/b1b47cfffd9392006bf722c290ef19d5
2026-02-04 12:54:30,245 | WARNING | Retrying (Retry(total=1, connect=None, read=None, redirect=None, status=None)) after connection broken by 'NewConnectionError('<urllib3.connection.HTTPConnection object at 0x000002931718C7D0>: Failed to establish a new connection: [WinError 10061] No connection could be made because the target machine actively refused it')': /session/b1b47cfffd9392006bf722c290ef19d5
2026-02-04 12:54:34,306 | WARNING | Retrying (Retry(total=0, connect=None, read=None, redirect=None, status=None)) after connection broken by 'NewConnectionError('<urllib3.connection.HTTPConnection object at 0x000002931707B5C0>: Failed to establish a new connection: [WinError 10061] No connection could be made because the target machine actively refused it')': /session/b1b47cfffd9392006bf722c290ef19d5
Risk detected on homepage

2026-02-04 12:54:38,475 | WARNING | No output found for Flipkart
2026-02-04 12:54:38,475 | INFO | Running scraper: Amazon
2026-02-04 12:55:22,954 | INFO | Amazon scraper completed successfully
2026-02-04 12:55:22,955 | INFO | Amazon returned 5 products
2026-02-04 12:55:22,955 | INFO | Match found for Amazon: iPhone 17 Pro 256 GB: 15.93 cm (6.3\u2033) Display with Promotion up to 120Hz, A19 Pro Chip, Breakthrough Battery Life, Pro Fusion Camera System with Center Stage Front Camera; Cosmic Orange - 134900.00
2026-02-04 12:55:22,955 | INFO | Cooldown: waiting 5 seconds before next scraper...
2026-02-04 12:55:27,956 | INFO | Running scraper: Reliance
2026-02-04 12:55:53,817 | INFO | Reliance scraper completed successfully
2026-02-04 12:55:53,818 | INFO | Reliance returned 5 products
2026-02-04 12:55:53,818 | INFO | Match found for Reliance: Apple iPhone 17 Pro 256 GB, Cosmic Orange - 134900.00
2026-02-04 12:55:53,818 | INFO | Cooldown: waiting 5 seconds before next scraper...
2026-02-04 12:55:58,819 | INFO | Running scraper: Croma
2026-02-04 12:55:59,876 | INFO | Croma scraper completed successfully
2026-02-04 12:55:59,877 | INFO | Croma returned 5 products
2026-02-04 12:55:59,877 | INFO | Match found for Croma: Apple iPhone 17 Pro (256GB, Silver) - 134900.00
2026-02-04 12:55:59,877 | INFO | Cooldown: waiting 5 seconds before next scraper...
2026-02-04 12:56:04,877 | INFO | Recommended Product: iPhone 17 Pro 256 GB: 15.93 cm (6.3\u2033) Display with Promotion up to 120Hz, A19 Pro Chip, Breakthrough Battery Life, Pro Fusion Camera System with Center Stage Front Camera; Cosmic Orange from Amazon at 134900.00
2026-02-04 13:01:35,575 | INFO | Starting orchestration for query: 'iPhone 17 Pro '
2026-02-04 13:01:35,575 | INFO | Running scraper: Flipkart
2026-02-04 13:04:35,228 | INFO | Starting orchestration for query: 'iPhone 17 Pro'
2026-02-04 13:04:35,228 | INFO | Running scraper: Flipkart
2026-02-04 13:05:26,924 | INFO | Flipkart scraper completed successfully
2026-02-04 13:05:26,925 | INFO | Flipkart returned 5 products
2026-02-04 13:05:26,925 | INFO | Match found for Flipkart: Apple iPhone 17 Pro (Deep Blue, 256 GB) - 134900
2026-02-04 13:05:26,926 | INFO | Cooldown: waiting 5 seconds before next scraper...
2026-02-04 13:05:31,926 | INFO | Running scraper: Amazon
2026-02-04 13:06:17,794 | INFO | Amazon scraper completed successfully
2026-02-04 13:06:17,794 | INFO | Amazon returned 5 products
2026-02-04 13:06:17,795 | INFO | Match found for Amazon: iPhone 17 Pro 256 GB: 15.93 cm (6.3\u2033) Display with Promotion up to 120Hz, A19 Pro Chip, Breakthrough Battery Life, Pro Fusion Camera System with Center Stage Front Camera; Cosmic Orange - 134900.00
2026-02-04 13:06:17,795 | INFO | Cooldown: waiting 5 seconds before next scraper...
2026-02-04 13:06:22,795 | INFO | Running scraper: Reliance
2026-02-04 13:06:54,167 | INFO | Reliance scraper completed successfully
2026-02-04 13:06:54,174 | INFO | Reliance returned 5 products
2026-02-04 13:06:54,174 | INFO | Match found for Reliance: Apple iPhone 17 Pro 256 GB, Cosmic Orange - 134900.00
2026-02-04 13:06:54,174 | INFO | Cooldown: waiting 5 seconds before next scraper...
2026-02-04 13:06:59,175 | INFO | Running scraper: Croma
2026-02-04 13:07:00,117 | INFO | Croma scraper completed successfully
2026-02-04 13:07:00,117 | INFO | Croma returned 5 products
2026-02-04 13:07:00,117 | INFO | Match found for Croma: Apple iPhone 17 Pro (256GB, Silver) - 134900.00
2026-02-04 13:07:00,118 | INFO | Cooldown: waiting 5 seconds before next scraper...
2026-02-04 13:07:05,119 | INFO | Recommended Product: Apple iPhone 17 Pro (Deep Blue, 256 GB) from Flipkart at 134900
2026-02-04 13:10:02,103 | INFO | Starting orchestration for query: 'iPhone 17 Pro'
2026-02-04 13:10:02,103 | INFO | Running scraper: Flipkart
2026-02-04 13:10:52,767 | INFO | Flipkart scraper completed successfully
2026-02-04 13:10:52,768 | INFO | Flipkart returned 5 products
2026-02-04 13:10:52,768 | INFO | Match found for Flipkart: Apple iPhone 17 Pro (Deep Blue, 256 GB) - 134900
2026-02-04 13:10:52,768 | INFO | Cooldown: waiting 5 seconds before next scraper...
2026-02-04 13:10:57,769 | INFO | Running scraper: Amazon
2026-02-04 13:11:43,122 | INFO | Amazon scraper completed successfully
2026-02-04 13:11:43,122 | INFO | Amazon returned 5 products
2026-02-04 13:11:43,123 | INFO | Match found for Amazon: iPhone 17 Pro 256 GB: 15.93 cm (6.3\u2033) Display with Promotion up to 120Hz, A19 Pro Chip, Breakthrough Battery Life, Pro Fusion Camera System with Center Stage Front Camera; Cosmic Orange - 134900.00
2026-02-04 13:11:43,123 | INFO | Cooldown: waiting 5 seconds before next scraper...
2026-02-04 13:11:48,125 | INFO | Running scraper: Reliance
2026-02-04 13:12:11,971 | INFO | Reliance scraper completed successfully
2026-02-04 13:12:11,971 | INFO | Reliance returned 5 products
2026-02-04 13:12:11,971 | INFO | Match found for Reliance: Apple iPhone 17 Pro 256 GB, Cosmic Orange - 134900.00
2026-02-04 13:12:11,972 | INFO | Cooldown: waiting 5 seconds before next scraper...
2026-02-04 13:12:16,972 | INFO | Running scraper: Croma
2026-02-04 13:12:17,909 | INFO | Croma scraper completed successfully
2026-02-04 13:12:17,909 | INFO | Croma returned 5 products
2026-02-04 13:12:17,910 | INFO | Match found for Croma: Apple iPhone 17 Pro (256GB, Silver) - 134900.00
2026-02-04 13:12:17,910 | INFO | Cooldown: waiting 5 seconds before next scraper...
2026-02-04 13:12:22,910 | INFO | Recommended Product: Apple iPhone 17 Pro (Deep Blue, 256 GB) from Flipkart at 134900
2026-02-04 13:15:47,300 | INFO | Starting orchestration for query: 'iPhone 16 Pro'
2026-02-04 13:15:47,301 | INFO | Running scraper: Flipkart
2026-02-04 13:16:34,717 | INFO | Flipkart scraper completed successfully
2026-02-04 13:16:34,718 | INFO | Flipkart returned 5 products
2026-02-04 13:16:34,718 | INFO | Match found for Flipkart: Apple iPhone 16 Pro (Desert Titanium, 256 GB) - 119900
2026-02-04 13:16:34,719 | INFO | Cooldown: waiting 5 seconds before next scraper...
2026-02-04 13:16:39,719 | INFO | Running scraper: Amazon
2026-02-04 13:17:26,030 | INFO | Amazon scraper completed successfully
2026-02-04 13:17:26,030 | INFO | Amazon returned 5 products
2026-02-04 13:17:26,030 | INFO | Match found for Amazon: iPhone 16 Pro Max 1 TB: 5G Mobile Phone with Camera Control, 4K 120 fps Dolby Vision and a Huge Leap in Battery Life. Works with AirPods; Black Titanium - 174900.00
2026-02-04 13:17:26,031 | INFO | Cooldown: waiting 5 seconds before next scraper...
2026-02-04 13:17:31,031 | INFO | Running scraper: Reliance
2026-02-04 13:17:54,794 | INFO | Reliance scraper completed successfully
2026-02-04 13:17:54,794 | INFO | Reliance returned 5 products
2026-02-04 13:17:54,794 | INFO | Match found for Reliance: Apple iPhone 16 Pro 256 GB, Natural Titanium - 119900.00
2026-02-04 13:17:54,794 | INFO | Cooldown: waiting 5 seconds before next scraper...
2026-02-04 13:17:59,796 | INFO | Running scraper: Croma
2026-02-04 13:18:01,110 | INFO | Croma scraper completed successfully
2026-02-04 13:18:01,111 | INFO | Croma returned 5 products
2026-02-04 13:18:01,112 | INFO | Match found for Croma: Apple iPhone 16 Pro (256GB, Desert Titanium) - 113490.00
2026-02-04 13:18:01,112 | INFO | Cooldown: waiting 5 seconds before next scraper...
2026-02-04 13:18:06,112 | INFO | Recommended Product: Apple iPhone 16 Pro (256GB, Desert Titanium) from Croma at 113490.00
